0 verbose cli [
0 verbose cli   'C:\\Program Files\\nodejs\\node.exe',
0 verbose cli   'C:\\Users\\Maymuna Islam Mim\\AppData\\Roaming\\npm\\node_modules\\npm\\bin\\npm-cli.js',
0 verbose cli   'i',
0 verbose cli   'firebase'
0 verbose cli ]
1 info using npm@8.3.0
2 info using node@v14.17.6
3 timing npm:load:whichnode Completed in 0ms
4 timing config:load:defaults Completed in 2ms
5 timing config:load:file:C:\Users\Maymuna Islam Mim\AppData\Roaming\npm\node_modules\npm\npmrc Completed in 5ms
6 timing config:load:builtin Completed in 6ms
7 timing config:load:cli Completed in 2ms
8 timing config:load:env Completed in 15ms
9 timing config:load:file:C:\projects\health-aid\.npmrc Completed in 0ms
10 timing config:load:project Completed in 1ms
11 timing config:load:file:C:\Users\Maymuna Islam Mim\.npmrc Completed in 1ms
12 timing config:load:user Completed in 1ms
13 timing config:load:file:C:\Users\Maymuna Islam Mim\AppData\Roaming\npm\etc\npmrc Completed in 1ms
14 timing config:load:global Completed in 1ms
15 timing config:load:validate Completed in 1ms
16 timing config:load:credentials Completed in 1ms
17 timing config:load:setEnvs Completed in 1ms
18 timing config:load Completed in 33ms
19 timing npm:load:configload Completed in 33ms
20 timing npm:load:setTitle Completed in 0ms
21 timing config:load:flatten Completed in 22ms
22 timing npm:load:display Completed in 25ms
23 verbose logfile C:\projects\health-aid\_logs\2022-01-03T12_14_45_923Z-debug-0.log
24 timing npm:load:logFile Completed in 12ms
25 timing npm:load:timers Completed in 0ms
26 timing npm:load:configScope Completed in 0ms
27 timing npm:load Completed in 73ms
28 timing arborist:ctor Completed in 1ms
29 timing idealTree:init Completed in 1887ms
30 timing idealTree:userRequests Completed in 7ms
31 silly idealTree buildDeps
32 silly fetch manifest firebase@*
33 verbose shrinkwrap failed to load node_modules/.package-lock.json out of date, updated: node_modules
34 http fetch GET 200 https://registry.npmjs.org/firebase 19597ms (cache revalidated)
35 silly placeDep ROOT firebase@9.6.1 OK for: health-aid@0.1.0 want: *
36 silly fetch manifest @firebase/app@0.7.11
37 silly fetch manifest @firebase/app-compat@0.1.12
38 silly fetch manifest @firebase/app-types@0.7.0
39 silly fetch manifest @firebase/auth@0.19.4
40 silly fetch manifest @firebase/auth-compat@0.2.4
41 silly fetch manifest @firebase/database@0.12.4
42 silly fetch manifest @firebase/database-compat@0.1.4
43 silly fetch manifest @firebase/firestore@3.4.1
44 silly fetch manifest @firebase/firestore-compat@0.1.10
45 silly fetch manifest @firebase/functions@0.7.6
46 silly fetch manifest @firebase/functions-compat@0.1.7
47 silly fetch manifest @firebase/installations@0.5.4
48 silly fetch manifest @firebase/messaging@0.9.4
49 silly fetch manifest @firebase/messaging-compat@0.1.4
50 silly fetch manifest @firebase/polyfill@0.3.36
51 silly fetch manifest @firebase/storage@0.9.0
52 silly fetch manifest @firebase/storage-compat@0.1.8
53 silly fetch manifest @firebase/performance@0.5.4
54 silly fetch manifest @firebase/performance-compat@0.1.4
55 silly fetch manifest @firebase/remote-config@0.3.3
56 silly fetch manifest @firebase/remote-config-compat@0.1.4
57 silly fetch manifest @firebase/analytics@0.7.4
58 silly fetch manifest @firebase/analytics-compat@0.1.5
59 silly fetch manifest @firebase/app-check@0.5.2
60 silly fetch manifest @firebase/app-check-compat@0.2.2
61 silly fetch manifest @firebase/util@1.4.2
62 http fetch GET 200 https://registry.npmjs.org/@firebase%2ffunctions-compat 9987ms (cache revalidated)
63 http fetch GET 200 https://registry.npmjs.org/@firebase%2fauth-compat 10010ms (cache revalidated)
64 http fetch GET 200 https://registry.npmjs.org/@firebase%2fremote-config-compat 9997ms (cache revalidated)
65 http fetch GET 200 https://registry.npmjs.org/@firebase%2fperformance-compat 10004ms (cache revalidated)
66 http fetch GET 200 https://registry.npmjs.org/@firebase%2fmessaging-compat 10015ms (cache revalidated)
67 http fetch GET 200 https://registry.npmjs.org/@firebase%2fapp-check 10009ms (cache revalidated)
68 http fetch GET 200 https://registry.npmjs.org/@firebase%2fanalytics-compat 10022ms (cache revalidated)
69 http fetch GET 200 https://registry.npmjs.org/@firebase%2fstorage-compat 10037ms (cache revalidated)
70 http fetch GET 200 https://registry.npmjs.org/@firebase%2fapp-types 10078ms (cache revalidated)
71 http fetch GET 200 https://registry.npmjs.org/@firebase%2fremote-config 10109ms (cache revalidated)
72 http fetch GET 200 https://registry.npmjs.org/@firebase%2fpolyfill 10177ms (cache revalidated)
73 http fetch GET 200 https://registry.npmjs.org/@firebase%2fauth 10316ms (cache revalidated)
74 http fetch GET 200 https://registry.npmjs.org/@firebase%2fapp 10429ms (cache revalidated)
75 http fetch GET 200 https://registry.npmjs.org/@firebase%2fdatabase 10495ms (cache revalidated)
76 http fetch GET 200 https://registry.npmjs.org/@firebase%2fmessaging 10574ms (cache revalidated)
77 http fetch GET 200 https://registry.npmjs.org/@firebase%2ffunctions 10723ms (cache revalidated)
78 http fetch GET 200 https://registry.npmjs.org/@firebase%2finstallations 10834ms (cache revalidated)
79 http fetch GET 200 https://registry.npmjs.org/@firebase%2fstorage 10897ms (cache revalidated)
80 http fetch GET 200 https://registry.npmjs.org/@firebase%2fapp-check-compat 10949ms (cache revalidated)
81 http fetch GET 200 https://registry.npmjs.org/@firebase%2fapp-compat 10988ms (cache revalidated)
82 http fetch GET 200 https://registry.npmjs.org/@firebase%2ffirestore 11014ms (cache revalidated)
83 http fetch GET 200 https://registry.npmjs.org/@firebase%2fdatabase-compat 11097ms (cache revalidated)
84 http fetch GET 200 https://registry.npmjs.org/@firebase%2ffirestore-compat 11193ms (cache revalidated)
85 http fetch GET 200 https://registry.npmjs.org/@firebase%2fanalytics 11238ms (cache revalidated)
86 http fetch GET 200 https://registry.npmjs.org/@firebase%2fperformance 11303ms (cache revalidated)
87 http fetch GET 200 https://registry.npmjs.org/@firebase%2futil 11363ms (cache revalidated)
88 timing idealTree:#root Completed in 31272ms
89 silly placeDep ROOT @firebase/analytics@0.7.4 OK for: firebase@9.6.1 want: 0.7.4
90 silly placeDep ROOT @firebase/app@0.7.11 OK for: @firebase/analytics@0.7.4 want: 0.x
91 silly placeDep ROOT @firebase/analytics-compat@0.1.5 OK for: firebase@9.6.1 want: 0.1.5
92 silly placeDep ROOT @firebase/app-compat@0.1.12 OK for: @firebase/analytics-compat@0.1.5 want: 0.x
93 silly placeDep ROOT @firebase/app-check@0.5.2 OK for: firebase@9.6.1 want: 0.5.2
94 silly placeDep ROOT @firebase/app-check-compat@0.2.2 OK for: firebase@9.6.1 want: 0.2.2
95 silly placeDep ROOT @firebase/app-types@0.7.0 OK for: firebase@9.6.1 want: 0.7.0
96 silly placeDep ROOT @firebase/auth@0.19.4 OK for: firebase@9.6.1 want: 0.19.4
97 silly placeDep ROOT @firebase/auth-compat@0.2.4 OK for: firebase@9.6.1 want: 0.2.4
98 silly placeDep ROOT @firebase/database@0.12.4 OK for: firebase@9.6.1 want: 0.12.4
99 silly placeDep ROOT @firebase/database-compat@0.1.4 OK for: firebase@9.6.1 want: 0.1.4
100 silly placeDep ROOT @firebase/firestore@3.4.1 OK for: firebase@9.6.1 want: 3.4.1
101 silly placeDep ROOT @firebase/firestore-compat@0.1.10 OK for: firebase@9.6.1 want: 0.1.10
102 silly placeDep ROOT @firebase/functions@0.7.6 OK for: firebase@9.6.1 want: 0.7.6
103 silly placeDep ROOT @firebase/functions-compat@0.1.7 OK for: firebase@9.6.1 want: 0.1.7
104 silly placeDep ROOT @firebase/installations@0.5.4 OK for: firebase@9.6.1 want: 0.5.4
105 silly placeDep ROOT @firebase/messaging@0.9.4 OK for: firebase@9.6.1 want: 0.9.4
106 silly placeDep ROOT @firebase/messaging-compat@0.1.4 OK for: firebase@9.6.1 want: 0.1.4
107 silly placeDep ROOT @firebase/performance@0.5.4 OK for: firebase@9.6.1 want: 0.5.4
108 silly placeDep ROOT @firebase/performance-compat@0.1.4 OK for: firebase@9.6.1 want: 0.1.4
109 silly placeDep ROOT @firebase/polyfill@0.3.36 OK for: firebase@9.6.1 want: 0.3.36
110 silly placeDep ROOT @firebase/remote-config@0.3.3 OK for: firebase@9.6.1 want: 0.3.3
111 silly placeDep ROOT @firebase/remote-config-compat@0.1.4 OK for: firebase@9.6.1 want: 0.1.4
112 silly placeDep ROOT @firebase/storage@0.9.0 OK for: firebase@9.6.1 want: 0.9.0
113 silly placeDep ROOT @firebase/storage-compat@0.1.8 OK for: firebase@9.6.1 want: 0.1.8
114 silly placeDep ROOT @firebase/util@1.4.2 OK for: firebase@9.6.1 want: 1.4.2
115 silly fetch manifest @firebase/logger@0.3.2
116 silly fetch manifest @firebase/component@0.5.9
117 silly fetch manifest @firebase/analytics-types@0.7.0
118 silly fetch manifest node-fetch@2.6.5
119 silly fetch manifest selenium-webdriver@4.0.0-rc-1
120 silly fetch manifest @firebase/auth-types@0.11.0
121 silly fetch manifest selenium-webdriver@^4.0.0-beta.2
122 silly fetch manifest @firebase/auth-interop-types@0.1.6
123 silly fetch manifest @firebase/database-types@0.9.3
124 silly fetch manifest @firebase/webchannel-wrapper@0.6.1
125 silly fetch manifest @grpc/grpc-js@^1.3.2
126 silly fetch manifest @grpc/proto-loader@^0.6.0
127 silly fetch manifest @firebase/firestore-types@2.5.0
128 silly fetch manifest @firebase/messaging-interop-types@0.1.0
129 silly fetch manifest @firebase/app-check-interop-types@0.1.0
130 silly fetch manifest @firebase/functions-types@0.5.0
131 silly fetch manifest idb@3.0.2
132 silly fetch manifest @firebase/performance-types@0.1.0
133 silly fetch manifest core-js@3.6.5
134 silly fetch manifest promise-polyfill@8.1.3
135 silly fetch manifest whatwg-fetch@2.0.4
136 silly fetch manifest @firebase/remote-config-types@0.2.0
137 silly fetch manifest @firebase/storage-types@0.6.0
138 http fetch GET 200 https://registry.npmjs.org/idb 178ms (cache revalidated)
139 http fetch GET 200 https://registry.npmjs.org/node-fetch 213ms (cache revalidated)
140 http fetch GET 200 https://registry.npmjs.org/selenium-webdriver 225ms (cache revalidated)
141 http fetch GET 200 https://registry.npmjs.org/core-js 278ms (cache revalidated)
142 http fetch GET 200 https://registry.npmjs.org/promise-polyfill 316ms (cache revalidated)
143 http fetch GET 200 https://registry.npmjs.org/whatwg-fetch 341ms (cache revalidated)
144 http fetch GET 200 https://registry.npmjs.org/@firebase%2fmessaging-interop-types 476ms (cache revalidated)
145 http fetch GET 200 https://registry.npmjs.org/@firebase%2fapp-check-interop-types 550ms (cache revalidated)
146 http fetch GET 200 https://registry.npmjs.org/@grpc%2fgrpc-js 755ms (cache revalidated)
147 http fetch GET 200 https://registry.npmjs.org/@grpc%2fproto-loader 759ms (cache revalidated)
148 http fetch GET 200 https://registry.npmjs.org/@firebase%2fauth-interop-types 777ms (cache revalidated)
149 http fetch GET 200 https://registry.npmjs.org/@firebase%2fcomponent 821ms (cache revalidated)
150 http fetch GET 200 https://registry.npmjs.org/@firebase%2ffunctions-types 865ms (cache revalidated)
151 http fetch GET 200 https://registry.npmjs.org/@firebase%2fwebchannel-wrapper 922ms (cache revalidated)
152 http fetch GET 200 https://registry.npmjs.org/@firebase%2ffirestore-types 972ms (cache revalidated)
153 http fetch GET 200 https://registry.npmjs.org/@firebase%2fdatabase-types 1248ms (cache revalidated)
154 http fetch GET 200 https://registry.npmjs.org/@firebase%2fperformance-types 1322ms (cache revalidated)
155 http fetch GET 200 https://registry.npmjs.org/@firebase%2fanalytics-types 1375ms (cache revalidated)
156 http fetch GET 200 https://registry.npmjs.org/@firebase%2flogger 1414ms (cache revalidated)
157 http fetch GET 200 https://registry.npmjs.org/@firebase%2fremote-config-types 1443ms (cache revalidated)
158 http fetch GET 200 https://registry.npmjs.org/@firebase%2fauth-types 1511ms (cache revalidated)
159 http fetch GET 200 https://registry.npmjs.org/@firebase%2fstorage-types 1540ms (cache revalidated)
160 timing idealTree:node_modules/firebase Completed in 1733ms
161 silly placeDep ROOT @firebase/component@0.5.9 OK for: @firebase/analytics@0.7.4 want: 0.5.9
162 silly placeDep ROOT @firebase/logger@0.3.2 OK for: @firebase/analytics@0.7.4 want: 0.3.2
163 timing idealTree:node_modules/@firebase/analytics Completed in 9ms
164 silly placeDep ROOT @firebase/analytics-types@0.7.0 OK for: @firebase/analytics-compat@0.1.5 want: 0.7.0
165 timing idealTree:node_modules/@firebase/analytics-compat Completed in 4ms
166 timing idealTree:node_modules/@firebase/analytics-types Completed in 0ms
167 timing idealTree:node_modules/@firebase/app Completed in 0ms
168 timing idealTree:node_modules/@firebase/app-check Completed in 0ms
169 timing idealTree:node_modules/@firebase/app-check-compat Completed in 0ms
170 timing idealTree:node_modules/@firebase/app-compat Completed in 0ms
171 timing idealTree:node_modules/@firebase/app-types Completed in 0ms
172 silly placeDep ROOT node-fetch@2.6.5 OK for: @firebase/auth@0.19.4 want: 2.6.5
173 silly placeDep ROOT selenium-webdriver@4.0.0-rc-1 OK for: @firebase/auth@0.19.4 want: 4.0.0-rc-1
174 silly fetch manifest whatwg-url@^5.0.0
175 silly fetch manifest jszip@^3.6.0
176 http fetch GET 200 https://registry.npmjs.org/jszip 128ms (cache revalidated)
177 http fetch GET 200 https://registry.npmjs.org/whatwg-url 153ms (cache revalidated)
178 timing idealTree:node_modules/@firebase/auth Completed in 166ms
179 silly fetch manifest @firebase/app-types@0.x
180 silly placeDep ROOT @firebase/auth-types@0.11.0 OK for: @firebase/auth-compat@0.2.4 want: 0.11.0
181 timing idealTree:node_modules/@firebase/auth-compat Completed in 6ms
182 timing idealTree:node_modules/@firebase/auth-types Completed in 0ms
183 timing idealTree:node_modules/@firebase/component Completed in 0ms
184 silly placeDep ROOT @firebase/auth-interop-types@0.1.6 OK for: @firebase/database@0.12.4 want: 0.1.6
185 timing idealTree:node_modules/@firebase/database Completed in 5ms
186 timing idealTree:node_modules/@firebase/auth-interop-types Completed in 0ms
187 silly placeDep ROOT @firebase/database-types@0.9.3 OK for: @firebase/database-compat@0.1.4 want: 0.9.3
188 timing idealTree:node_modules/@firebase/database-compat Completed in 2ms
189 timing idealTree:node_modules/@firebase/database-types Completed in 0ms
190 silly placeDep ROOT @firebase/webchannel-wrapper@0.6.1 OK for: @firebase/firestore@3.4.1 want: 0.6.1
191 silly placeDep ROOT @grpc/grpc-js@1.4.5 OK for: @firebase/firestore@3.4.1 want: ^1.3.2
192 silly placeDep ROOT @grpc/proto-loader@0.6.7 OK for: @firebase/firestore@3.4.1 want: ^0.6.0
193 silly fetch manifest @types/long@^4.0.1
194 silly fetch manifest lodash.camelcase@^4.3.0
195 silly fetch manifest long@^4.0.0
196 silly fetch manifest protobufjs@^6.10.0
197 http fetch GET 200 https://registry.npmjs.org/lodash.camelcase 53ms (cache revalidated)
198 http fetch GET 200 https://registry.npmjs.org/protobufjs 135ms (cache revalidated)
199 http fetch GET 200 https://registry.npmjs.org/@types%2flong 222ms (cache revalidated)
200 http fetch GET 200 https://registry.npmjs.org/long 1246ms (cache revalidated)
201 timing idealTree:node_modules/@firebase/firestore Completed in 1262ms
202 silly placeDep ROOT @firebase/firestore-types@2.5.0 OK for: @firebase/firestore-compat@0.1.10 want: 2.5.0
203 timing idealTree:node_modules/@firebase/firestore-compat Completed in 5ms
204 timing idealTree:node_modules/@firebase/firestore-types Completed in 0ms
205 silly placeDep ROOT @firebase/app-check-interop-types@0.1.0 OK for: @firebase/functions@0.7.6 want: 0.1.0
206 silly placeDep ROOT @firebase/messaging-interop-types@0.1.0 OK for: @firebase/functions@0.7.6 want: 0.1.0
207 timing idealTree:node_modules/@firebase/functions Completed in 11ms
208 timing idealTree:node_modules/@firebase/app-check-interop-types Completed in 0ms
209 silly placeDep ROOT @firebase/functions-types@0.5.0 OK for: @firebase/functions-compat@0.1.7 want: 0.5.0
210 timing idealTree:node_modules/@firebase/functions-compat Completed in 4ms
211 timing idealTree:node_modules/@firebase/functions-types Completed in 0ms
212 silly placeDep node_modules/@firebase/installations idb@3.0.2 OK for: @firebase/installations@0.5.4 want: 3.0.2
213 timing idealTree:node_modules/@firebase/installations Completed in 3ms
214 timing idealTree:node_modules/@firebase/logger Completed in 0ms
215 silly placeDep node_modules/@firebase/messaging idb@3.0.2 OK for: @firebase/messaging@0.9.4 want: 3.0.2
216 timing idealTree:node_modules/@firebase/messaging Completed in 2ms
217 timing idealTree:node_modules/@firebase/messaging-compat Completed in 0ms
218 timing idealTree:node_modules/@firebase/messaging-interop-types Completed in 0ms
219 timing idealTree:node_modules/@firebase/performance Completed in 0ms
220 silly placeDep ROOT @firebase/performance-types@0.1.0 OK for: @firebase/performance-compat@0.1.4 want: 0.1.0
221 timing idealTree:node_modules/@firebase/performance-compat Completed in 3ms
222 timing idealTree:node_modules/@firebase/performance-types Completed in 0ms
223 silly placeDep node_modules/@firebase/polyfill core-js@3.6.5 OK for: @firebase/polyfill@0.3.36 want: 3.6.5
224 silly placeDep ROOT promise-polyfill@8.1.3 OK for: @firebase/polyfill@0.3.36 want: 8.1.3
225 silly placeDep node_modules/@firebase/polyfill whatwg-fetch@2.0.4 OK for: @firebase/polyfill@0.3.36 want: 2.0.4
226 timing idealTree:node_modules/@firebase/polyfill Completed in 8ms
227 timing idealTree:node_modules/@firebase/remote-config Completed in 0ms
228 silly placeDep ROOT @firebase/remote-config-types@0.2.0 OK for: @firebase/remote-config-compat@0.1.4 want: 0.2.0
229 timing idealTree:node_modules/@firebase/remote-config-compat Completed in 4ms
230 timing idealTree:node_modules/@firebase/remote-config-types Completed in 1ms
231 timing idealTree:node_modules/@firebase/storage Completed in 0ms
232 silly placeDep ROOT @firebase/storage-types@0.6.0 OK for: @firebase/storage-compat@0.1.8 want: 0.6.0
233 timing idealTree:node_modules/@firebase/storage-compat Completed in 5ms
234 timing idealTree:node_modules/@firebase/storage-types Completed in 0ms
235 timing idealTree:node_modules/@firebase/util Completed in 0ms
236 timing idealTree:node_modules/@firebase/webchannel-wrapper Completed in 0ms
237 timing idealTree:node_modules/@grpc/grpc-js Completed in 0ms
238 silly placeDep ROOT @types/long@4.0.1 OK for: @grpc/proto-loader@0.6.7 want: ^4.0.1
239 silly placeDep ROOT lodash.camelcase@4.3.0 OK for: @grpc/proto-loader@0.6.7 want: ^4.3.0
240 silly placeDep ROOT long@4.0.0 OK for: @grpc/proto-loader@0.6.7 want: ^4.0.0
241 silly placeDep ROOT protobufjs@6.11.2 OK for: @grpc/proto-loader@0.6.7 want: ^6.10.0
242 silly fetch manifest @protobufjs/aspromise@^1.1.2
243 silly fetch manifest @protobufjs/base64@^1.1.2
244 silly fetch manifest @protobufjs/codegen@^2.0.4
245 silly fetch manifest @protobufjs/eventemitter@^1.1.0
246 silly fetch manifest @protobufjs/fetch@^1.1.0
247 silly fetch manifest @protobufjs/float@^1.0.2
248 silly fetch manifest @protobufjs/inquire@^1.1.0
249 silly fetch manifest @protobufjs/path@^1.1.2
250 silly fetch manifest @protobufjs/pool@^1.1.0
251 silly fetch manifest @protobufjs/utf8@^1.1.0
252 http fetch GET 200 https://registry.npmjs.org/@protobufjs%2fcodegen 482ms (cache revalidated)
253 http fetch GET 200 https://registry.npmjs.org/@protobufjs%2feventemitter 481ms (cache revalidated)
254 http fetch GET 200 https://registry.npmjs.org/@protobufjs%2ffloat 484ms (cache revalidated)
255 http fetch GET 200 https://registry.npmjs.org/@protobufjs%2futf8 482ms (cache revalidated)
256 http fetch GET 200 https://registry.npmjs.org/@protobufjs%2fbase64 495ms (cache revalidated)
257 http fetch GET 200 https://registry.npmjs.org/@protobufjs%2fpath 509ms (cache revalidated)
258 http fetch GET 200 https://registry.npmjs.org/@protobufjs%2faspromise 527ms (cache revalidated)
259 http fetch GET 200 https://registry.npmjs.org/@protobufjs%2fpool 521ms (cache revalidated)
260 http fetch GET 200 https://registry.npmjs.org/@protobufjs%2finquire 533ms (cache revalidated)
261 http fetch GET 200 https://registry.npmjs.org/@protobufjs%2ffetch 550ms (cache revalidated)
262 timing idealTree:node_modules/@grpc/proto-loader Completed in 575ms
263 timing idealTree:node_modules/@types/long Completed in 1ms
264 timing idealTree:node_modules/lodash.camelcase Completed in 0ms
265 timing idealTree:node_modules/long Completed in 0ms
266 silly placeDep node_modules/node-fetch whatwg-url@5.0.0 OK for: node-fetch@2.6.5 want: ^5.0.0
267 silly fetch manifest tr46@~0.0.3
268 silly fetch manifest webidl-conversions@^3.0.0
269 http fetch GET 200 https://registry.npmjs.org/webidl-conversions 54ms (cache revalidated)
270 http fetch GET 200 https://registry.npmjs.org/tr46 71ms (cache revalidated)
271 timing idealTree:node_modules/node-fetch Completed in 78ms
272 timing idealTree:node_modules/promise-polyfill Completed in 0ms
273 silly placeDep ROOT @protobufjs/aspromise@1.1.2 OK for: protobufjs@6.11.2 want: ^1.1.2
274 silly placeDep ROOT @protobufjs/base64@1.1.2 OK for: protobufjs@6.11.2 want: ^1.1.2
275 silly placeDep ROOT @protobufjs/codegen@2.0.4 OK for: protobufjs@6.11.2 want: ^2.0.4
276 silly placeDep ROOT @protobufjs/eventemitter@1.1.0 OK for: protobufjs@6.11.2 want: ^1.1.0
277 silly placeDep ROOT @protobufjs/fetch@1.1.0 OK for: protobufjs@6.11.2 want: ^1.1.0
278 silly placeDep ROOT @protobufjs/float@1.0.2 OK for: protobufjs@6.11.2 want: ^1.0.2
279 silly placeDep ROOT @protobufjs/inquire@1.1.0 OK for: protobufjs@6.11.2 want: ^1.1.0
280 silly placeDep ROOT @protobufjs/path@1.1.2 OK for: protobufjs@6.11.2 want: ^1.1.2
281 silly placeDep ROOT @protobufjs/pool@1.1.0 OK for: protobufjs@6.11.2 want: ^1.1.0
282 silly placeDep ROOT @protobufjs/utf8@1.1.0 OK for: protobufjs@6.11.2 want: ^1.1.0
283 timing idealTree:node_modules/protobufjs Completed in 29ms
284 timing idealTree:node_modules/@protobufjs/aspromise Completed in 0ms
285 timing idealTree:node_modules/@protobufjs/base64 Completed in 0ms
286 timing idealTree:node_modules/@protobufjs/codegen Completed in 0ms
287 timing idealTree:node_modules/@protobufjs/eventemitter Completed in 0ms
288 timing idealTree:node_modules/@protobufjs/fetch Completed in 0ms
289 timing idealTree:node_modules/@protobufjs/float Completed in 0ms
290 timing idealTree:node_modules/@protobufjs/inquire Completed in 0ms
291 timing idealTree:node_modules/@protobufjs/path Completed in 0ms
292 timing idealTree:node_modules/@protobufjs/pool Completed in 0ms
293 timing idealTree:node_modules/@protobufjs/utf8 Completed in 0ms
294 silly placeDep ROOT jszip@3.7.1 OK for: selenium-webdriver@4.0.0-rc-1 want: ^3.6.0
295 silly fetch manifest lie@~3.3.0
296 silly fetch manifest pako@~1.0.2
297 silly fetch manifest readable-stream@~2.3.6
298 silly fetch manifest set-immediate-shim@~1.0.1
299 http fetch GET 200 https://registry.npmjs.org/readable-stream 70ms (cache revalidated)
300 http fetch GET 200 https://registry.npmjs.org/pako 82ms (cache revalidated)
301 http fetch GET 200 https://registry.npmjs.org/set-immediate-shim 129ms (cache revalidated)
302 http fetch GET 200 https://registry.npmjs.org/lie 144ms (cache revalidated)
303 timing idealTree:node_modules/selenium-webdriver Completed in 152ms
304 silly placeDep ROOT lie@3.3.0 OK for: jszip@3.7.1 want: ~3.3.0
305 silly placeDep ROOT pako@1.0.11 OK for: jszip@3.7.1 want: ~1.0.2
306 silly placeDep node_modules/jszip readable-stream@2.3.7 OK for: jszip@3.7.1 want: ~2.3.6
307 silly placeDep ROOT set-immediate-shim@1.0.1 OK for: jszip@3.7.1 want: ~1.0.1
308 silly fetch manifest immediate@~3.0.5
309 silly fetch manifest string_decoder@~1.1.1
310 http fetch GET 200 https://registry.npmjs.org/string_decoder 75ms (cache revalidated)
311 http fetch GET 200 https://registry.npmjs.org/immediate 125ms (cache revalidated)
312 timing idealTree:node_modules/jszip Completed in 143ms
313 silly placeDep ROOT immediate@3.0.6 OK for: lie@3.3.0 want: ~3.0.5
314 timing idealTree:node_modules/lie Completed in 4ms
315 timing idealTree:node_modules/immediate Completed in 0ms
316 timing idealTree:node_modules/pako Completed in 0ms
317 timing idealTree:node_modules/set-immediate-shim Completed in 0ms
318 timing idealTree:node_modules/@firebase/installations/node_modules/idb Completed in 0ms
319 timing idealTree:node_modules/@firebase/messaging/node_modules/idb Completed in 0ms
320 timing idealTree:node_modules/@firebase/polyfill/node_modules/core-js Completed in 0ms
321 timing idealTree:node_modules/@firebase/polyfill/node_modules/whatwg-fetch Completed in 0ms
322 silly placeDep node_modules/jszip string_decoder@1.1.1 OK for: readable-stream@2.3.7 want: ~1.1.1
323 timing idealTree:node_modules/jszip/node_modules/readable-stream Completed in 3ms
324 timing idealTree:node_modules/jszip/node_modules/string_decoder Completed in 0ms
325 silly placeDep node_modules/node-fetch tr46@0.0.3 OK for: whatwg-url@5.0.0 want: ~0.0.3
326 silly placeDep node_modules/node-fetch webidl-conversions@3.0.1 OK for: whatwg-url@5.0.0 want: ^3.0.0
327 timing idealTree:node_modules/node-fetch/node_modules/whatwg-url Completed in 3ms
328 timing idealTree:node_modules/node-fetch/node_modules/tr46 Completed in 0ms
329 timing idealTree:node_modules/node-fetch/node_modules/webidl-conversions Completed in 0ms
330 timing idealTree:buildDeps Completed in 35506ms
331 timing idealTree:fixDepFlags Completed in 58ms
332 timing idealTree Completed in 37514ms
333 timing reify:loadTrees Completed in 37515ms
334 timing reify:diffTrees Completed in 178ms
335 silly reify mark retired [
335 silly reify   'C:\\projects\\health-aid\\node_modules\\@firebase\\firestore-compat'
335 silly reify ]
336 silly reify moves {
336 silly reify   'C:\\projects\\health-aid\\node_modules\\@firebase\\firestore-compat': 'C:\\projects\\health-aid\\node_modules\\@firebase\\.firestore-compat-HQPsDdfU'
336 silly reify }
337 timing reify:retireShallow Completed in 30ms
338 timing reify:createSparse Completed in 393ms
339 timing reify:loadBundles Completed in 0ms
340 silly audit bulk request {
340 silly audit   '@babel/code-frame': [ '7.16.0' ],
340 silly audit   '@babel/compat-data': [ '7.16.4' ],
340 silly audit   '@babel/core': [ '7.16.5' ],
340 silly audit   semver: [ '6.3.0', '7.0.0', '7.3.5' ],
340 silly audit   '@babel/eslint-parser': [ '7.16.5' ],
340 silly audit   'eslint-scope': [ '5.1.1', '7.1.0' ],
340 silly audit   'eslint-visitor-keys': [ '2.1.0', '3.1.0' ],
340 silly audit   estraverse: [ '4.3.0', '5.3.0' ],
340 silly audit   '@babel/generator': [ '7.16.5' ],
340 silly audit   '@babel/helper-annotate-as-pure': [ '7.16.0' ],
340 silly audit   '@babel/helper-builder-binary-assignment-operator-visitor': [ '7.16.5' ],
340 silly audit   '@babel/helper-compilation-targets': [ '7.16.3' ],
340 silly audit   '@babel/helper-create-class-features-plugin': [ '7.16.5' ],
340 silly audit   '@babel/helper-create-regexp-features-plugin': [ '7.16.0' ],
340 silly audit   '@babel/helper-define-polyfill-provider': [ '0.3.0' ],
340 silly audit   '@babel/helper-environment-visitor': [ '7.16.5' ],
340 silly audit   '@babel/helper-explode-assignable-expression': [ '7.16.0' ],
340 silly audit   '@babel/helper-function-name': [ '7.16.0' ],
340 silly audit   '@babel/helper-get-function-arity': [ '7.16.0' ],
340 silly audit   '@babel/helper-hoist-variables': [ '7.16.0' ],
340 silly audit   '@babel/helper-member-expression-to-functions': [ '7.16.5' ],
340 silly audit   '@babel/helper-module-imports': [ '7.16.0' ],
340 silly audit   '@babel/helper-module-transforms': [ '7.16.5' ],
340 silly audit   '@babel/helper-optimise-call-expression': [ '7.16.0' ],
340 silly audit   '@babel/helper-plugin-utils': [ '7.16.5' ],
340 silly audit   '@babel/helper-remap-async-to-generator': [ '7.16.5' ],
340 silly audit   '@babel/helper-replace-supers': [ '7.16.5' ],
340 silly audit   '@babel/helper-simple-access': [ '7.16.0' ],
340 silly audit   '@babel/helper-skip-transparent-expression-wrappers': [ '7.16.0' ],
340 silly audit   '@babel/helper-split-export-declaration': [ '7.16.0' ],
340 silly audit   '@babel/helper-validator-identifier': [ '7.15.7' ],
340 silly audit   '@babel/helper-validator-option': [ '7.14.5' ],
340 silly audit   '@babel/helper-wrap-function': [ '7.16.5' ],
340 silly audit   '@babel/helpers': [ '7.16.5' ],
340 silly audit   '@babel/highlight': [ '7.16.0' ],
340 silly audit   '@babel/parser': [ '7.16.6' ],
340 silly audit   '@babel/plugin-bugfix-safari-id-destructuring-collision-in-function-expression': [ '7.16.2' ],
340 silly audit   '@babel/plugin-bugfix-v8-spread-parameters-in-optional-chaining': [ '7.16.0' ],
340 silly audit   '@babel/plugin-proposal-async-generator-functions': [ '7.16.5' ],
340 silly audit   '@babel/plugin-proposal-class-properties': [ '7.16.5' ],
340 silly audit   '@babel/plugin-proposal-class-static-block': [ '7.16.5' ],
340 silly audit   '@babel/plugin-proposal-decorators': [ '7.16.5' ],
340 silly audit   '@babel/plugin-proposal-dynamic-import': [ '7.16.5' ],
340 silly audit   '@babel/plugin-proposal-export-namespace-from': [ '7.16.5' ],
340 silly audit   '@babel/plugin-proposal-json-strings': [ '7.16.5' ],
340 silly audit   '@babel/plugin-proposal-logical-assignment-operators': [ '7.16.5' ],
340 silly audit   '@babel/plugin-proposal-nullish-coalescing-operator': [ '7.16.5' ],
340 silly audit   '@babel/plugin-proposal-numeric-separator': [ '7.16.5' ],
340 silly audit   '@babel/plugin-proposal-object-rest-spread': [ '7.16.5' ],
340 silly audit   '@babel/plugin-proposal-optional-catch-binding': [ '7.16.5' ],
340 silly audit   '@babel/plugin-proposal-optional-chaining': [ '7.16.5' ],
340 silly audit   '@babel/plugin-proposal-private-methods': [ '7.16.5' ],
340 silly audit   '@babel/plugin-proposal-private-property-in-object': [ '7.16.5' ],
340 silly audit   '@babel/plugin-proposal-unicode-property-regex': [ '7.16.5' ],
340 silly audit   '@babel/plugin-syntax-async-generators': [ '7.8.4' ],
340 silly audit   '@babel/plugin-syntax-bigint': [ '7.8.3' ],
340 silly audit   '@babel/plugin-syntax-class-properties': [ '7.12.13' ],
340 silly audit   '@babel/plugin-syntax-class-static-block': [ '7.14.5' ],
340 silly audit   '@babel/plugin-syntax-decorators': [ '7.16.5' ],
340 silly audit   '@babel/plugin-syntax-dynamic-import': [ '7.8.3' ],
340 silly audit   '@babel/plugin-syntax-export-namespace-from': [ '7.8.3' ],
340 silly audit   '@babel/plugin-syntax-flow': [ '7.16.5' ],
340 silly audit   '@babel/plugin-syntax-import-meta': [ '7.10.4' ],
340 silly audit   '@babel/plugin-syntax-json-strings': [ '7.8.3' ],
340 silly audit   '@babel/plugin-syntax-jsx': [ '7.16.5' ],
340 silly audit   '@babel/plugin-syntax-logical-assignment-operators': [ '7.10.4' ],
340 silly audit   '@babel/plugin-syntax-nullish-coalescing-operator': [ '7.8.3' ],
340 silly audit   '@babel/plugin-syntax-numeric-separator': [ '7.10.4' ],
340 silly audit   '@babel/plugin-syntax-object-rest-spread': [ '7.8.3' ],
340 silly audit   '@babel/plugin-syntax-optional-catch-binding': [ '7.8.3' ],
340 silly audit   '@babel/plugin-syntax-optional-chaining': [ '7.8.3' ],
340 silly audit   '@babel/plugin-syntax-private-property-in-object': [ '7.14.5' ],
340 silly audit   '@babel/plugin-syntax-top-level-await': [ '7.14.5' ],
340 silly audit   '@babel/plugin-syntax-typescript': [ '7.16.5' ],
340 silly audit   '@babel/plugin-transform-arrow-functions': [ '7.16.5' ],
340 silly audit   '@babel/plugin-transform-async-to-generator': [ '7.16.5' ],
340 silly audit   '@babel/plugin-transform-block-scoped-functions': [ '7.16.5' ],
340 silly audit   '@babel/plugin-transform-block-scoping': [ '7.16.5' ],
340 silly audit   '@babel/plugin-transform-classes': [ '7.16.5' ],
340 silly audit   '@babel/plugin-transform-computed-properties': [ '7.16.5' ],
340 silly audit   '@babel/plugin-transform-destructuring': [ '7.16.5' ],
340 silly audit   '@babel/plugin-transform-dotall-regex': [ '7.16.5' ],
340 silly audit   '@babel/plugin-transform-duplicate-keys': [ '7.16.5' ],
340 silly audit   '@babel/plugin-transform-exponentiation-operator': [ '7.16.5' ],
340 silly audit   '@babel/plugin-transform-flow-strip-types': [ '7.16.5' ],
340 silly audit   '@babel/plugin-transform-for-of': [ '7.16.5' ],
340 silly audit   '@babel/plugin-transform-function-name': [ '7.16.5' ],
340 silly audit   '@babel/plugin-transform-literals': [ '7.16.5' ],
340 silly audit   '@babel/plugin-transform-member-expression-literals': [ '7.16.5' ],
340 silly audit   '@babel/plugin-transform-modules-amd': [ '7.16.5' ],
340 silly audit   '@babel/plugin-transform-modules-commonjs': [ '7.16.5' ],
340 silly audit   '@babel/plugin-transform-modules-systemjs': [ '7.16.5' ],
340 silly audit   '@babel/plugin-transform-modules-umd': [ '7.16.5' ],
340 silly audit   '@babel/plugin-transform-named-capturing-groups-regex': [ '7.16.5' ],
340 silly audit   '@babel/plugin-transform-new-target': [ '7.16.5' ],
340 silly audit   '@babel/plugin-transform-object-super': [ '7.16.5' ],
340 silly audit   '@babel/plugin-transform-parameters': [ '7.16.5' ],
340 silly audit   '@babel/plugin-transform-property-literals': [ '7.16.5' ],
340 silly audit   '@babel/plugin-transform-react-constant-elements': [ '7.16.5' ],
340 silly audit   '@babel/plugin-transform-react-display-name': [ '7.16.5' ],
340 silly audit   '@babel/plugin-transform-react-jsx': [ '7.16.5' ],
340 silly audit   '@babel/plugin-transform-react-jsx-development': [ '7.16.5' ],
340 silly audit   '@babel/plugin-transform-react-pure-annotations': [ '7.16.5' ],
340 silly audit   '@babel/plugin-transform-regenerator': [ '7.16.5' ],
340 silly audit   '@babel/plugin-transform-reserved-words': [ '7.16.5' ],
340 silly audit   '@babel/plugin-transform-runtime': [ '7.16.5' ],
340 silly audit   '@babel/plugin-transform-shorthand-properties': [ '7.16.5' ],
340 silly audit   '@babel/plugin-transform-spread': [ '7.16.5' ],
340 silly audit   '@babel/plugin-transform-sticky-regex': [ '7.16.5' ],
340 silly audit   '@babel/plugin-transform-template-literals': [ '7.16.5' ],
340 silly audit   '@babel/plugin-transform-typeof-symbol': [ '7.16.5' ],
340 silly audit   '@babel/plugin-transform-typescript': [ '7.16.1' ],
340 silly audit   '@babel/plugin-transform-unicode-escapes': [ '7.16.5' ],
340 silly audit   '@babel/plugin-transform-unicode-regex': [ '7.16.5' ],
340 silly audit   '@babel/preset-env': [ '7.16.5' ],
340 silly audit   '@babel/preset-modules': [ '0.1.5' ],
340 silly audit   '@babel/preset-react': [ '7.16.5' ],
340 silly audit   '@babel/preset-typescript': [ '7.16.5' ],
340 silly audit   '@babel/runtime': [ '7.16.5' ],
340 silly audit   '@babel/runtime-corejs3': [ '7.16.5' ],
340 silly audit   '@babel/template': [ '7.16.0' ],
340 silly audit   '@babel/traverse': [ '7.16.5' ],
340 silly audit   '@babel/types': [ '7.16.0' ],
340 silly audit   '@bcoe/v8-coverage': [ '0.2.3' ],
340 silly audit   '@csstools/normalize.css': [ '12.0.0' ],
340 silly audit   '@eslint/eslintrc': [ '1.0.5' ],
340 silly audit   argparse: [ '2.0.1', '1.0.10' ],
340 silly audit   globals: [ '13.12.0', '11.12.0' ],
340 silly audit   'js-yaml': [ '4.1.0', '3.14.1' ],
340 silly audit   'type-fest': [ '0.20.2', '0.16.0', '0.21.3' ],
340 silly audit   '@humanwhocodes/config-array': [ '0.9.2' ],
340 silly audit   '@humanwhocodes/object-schema': [ '1.2.1' ],
340 silly audit   '@istanbuljs/load-nyc-config': [ '1.1.0' ],
340 silly audit   camelcase: [ '5.3.1', '6.2.1' ],
340 silly audit   'find-up': [ '4.1.0', '2.1.0', '5.0.0', '3.0.0' ],
340 silly audit   'locate-path': [ '5.0.0', '2.0.0', '6.0.0', '3.0.0' ],
340 silly audit   'p-limit': [ '2.3.0', '1.3.0', '3.1.0' ],
340 silly audit   'p-locate': [ '4.1.0', '2.0.0', '5.0.0', '3.0.0' ],
340 silly audit   '@istanbuljs/schema': [ '0.1.3' ],
340 silly audit   '@jest/console': [ '27.4.2' ],
340 silly audit   'ansi-styles': [ '4.3.0', '3.2.1', '5.2.0' ],
340 silly audit   chalk: [ '4.1.2', '3.0.0', '2.4.2' ],
340 silly audit   'color-convert': [ '2.0.1', '1.9.3' ],
340 silly audit   'color-name': [ '1.1.4', '1.1.3' ],
340 silly audit   'has-flag': [ '4.0.0', '3.0.0' ],
340 silly audit   'supports-color': [ '7.2.0', '8.1.1', '5.5.0' ],
340 silly audit   '@jest/core': [ '27.4.5' ],
340 silly audit   '@jest/environment': [ '27.4.4' ],
340 silly audit   '@jest/fake-timers': [ '27.4.2' ],
340 silly audit   '@jest/globals': [ '27.4.4' ],
340 silly audit   '@jest/reporters': [ '27.4.5' ],
340 silly audit   'istanbul-lib-instrument': [ '4.0.3', '5.1.0' ],
340 silly audit   'source-map': [ '0.6.1', '0.7.3', '0.5.7', '0.8.0-beta.0' ],
340 silly audit   '@jest/source-map': [ '27.4.0' ],
340 silly audit   '@jest/test-result': [ '27.4.2' ],
340 silly audit   '@jest/test-sequencer': [ '27.4.5' ],
340 silly audit   '@jest/transform': [ '27.4.5' ],
340 silly audit   '@jest/types': [ '27.4.2' ],
340 silly audit   '@nodelib/fs.scandir': [ '2.1.5' ],
340 silly audit   '@nodelib/fs.stat': [ '2.0.5' ],
340 silly audit   '@nodelib/fs.walk': [ '1.2.8' ],
340 silly audit   '@pmmmwh/react-refresh-webpack-plugin': [ '0.5.4' ],
340 silly audit   '@rollup/plugin-babel': [ '5.3.0' ],
340 silly audit   '@rollup/plugin-node-resolve': [ '11.2.1' ],
340 silly audit   '@rollup/plugin-replace': [ '2.4.2' ],
340 silly audit   '@rollup/pluginutils': [ '3.1.0' ],
340 silly audit   '@types/estree': [ '0.0.39', '0.0.50' ],
340 silly audit   '@rushstack/eslint-patch': [ '1.1.0' ],
340 silly audit   '@sinonjs/commons': [ '1.8.3' ],
340 silly audit   '@sinonjs/fake-timers': [ '8.1.0' ],
340 silly audit   '@surma/rollup-plugin-off-main-thread': [ '2.2.3' ],
340 silly audit   '@svgr/babel-plugin-add-jsx-attribute': [ '5.4.0' ],
340 silly audit   '@svgr/babel-plugin-remove-jsx-attribute': [ '5.4.0' ],
340 silly audit   '@svgr/babel-plugin-remove-jsx-empty-expression': [ '5.0.1' ],
340 silly audit   '@svgr/babel-plugin-replace-jsx-attribute-value': [ '5.0.1' ],
340 silly audit   '@svgr/babel-plugin-svg-dynamic-title': [ '5.4.0' ],
340 silly audit   '@svgr/babel-plugin-svg-em-dimensions': [ '5.4.0' ],
340 silly audit   '@svgr/babel-plugin-transform-react-native-svg': [ '5.4.0' ],
340 silly audit   '@svgr/babel-plugin-transform-svg-component': [ '5.5.0' ],
340 silly audit   '@svgr/babel-preset': [ '5.5.0' ],
340 silly audit   '@svgr/core': [ '5.5.0' ],
340 silly audit   '@svgr/hast-util-to-babel-ast': [ '5.5.0' ],
340 silly audit   '@svgr/plugin-jsx': [ '5.5.0' ],
340 silly audit   '@svgr/plugin-svgo': [ '5.5.0' ],
340 silly audit   '@svgr/webpack': [ '5.5.0' ],
340 silly audit   '@testing-library/dom': [ '8.11.1' ],
340 silly audit   'aria-query': [ '5.0.0', '4.2.2' ],
340 silly audit   '@testing-library/jest-dom': [ '5.16.1' ],
340 silly audit   '@testing-library/react': [ '12.1.2' ],
340 silly audit   '@testing-library/user-event': [ '13.5.0' ],
340 silly audit   '@tootallnate/once': [ '1.1.2' ],
340 silly audit   '@trysound/sax': [ '0.2.0' ],
340 silly audit   '@types/aria-query': [ '4.2.2' ],
340 silly audit   '@types/babel__core': [ '7.1.17' ],
340 silly audit   '@types/babel__generator': [ '7.6.4' ],
340 silly audit   '@types/babel__template': [ '7.4.1' ],
340 silly audit   '@types/babel__traverse': [ '7.14.2' ],
340 silly audit   '@types/body-parser': [ '1.19.2' ],
340 silly audit   '@types/bonjour': [ '3.5.10' ],
340 silly audit   '@types/connect': [ '3.4.35' ],
340 silly audit   '@types/connect-history-api-fallback': [ '1.3.5' ],
340 silly audit   '@types/eslint': [ '7.29.0' ],
340 silly audit   '@types/eslint-scope': [ '3.7.2' ],
340 silly audit   '@types/express': [ '4.17.13' ],
340 silly audit   '@types/express-serve-static-core': [ '4.17.27' ],
340 silly audit   '@types/graceful-fs': [ '4.1.5' ],
340 silly audit   '@types/html-minifier-terser': [ '6.1.0' ],
340 silly audit   '@types/http-proxy': [ '1.17.8' ],
340 silly audit   '@types/istanbul-lib-coverage': [ '2.0.4' ],
340 silly audit   '@types/istanbul-lib-report': [ '3.0.0' ],
340 silly audit   '@types/istanbul-reports': [ '3.0.1' ],
340 silly audit   '@types/jest': [ '27.0.3' ],
340 silly audit   '@types/json-schema': [ '7.0.9' ],
340 silly audit   '@types/json5': [ '0.0.29' ],
340 silly audit   '@types/mime': [ '1.3.2' ],
340 silly audit   '@types/node': [ '17.0.5' ],
340 silly audit   '@types/parse-json': [ '4.0.0' ],
340 silly audit   '@types/prettier': [ '2.4.2' ],
340 silly audit   '@types/q': [ '1.5.5' ],
340 silly audit   '@types/qs': [ '6.9.7' ],
340 silly audit   '@types/range-parser': [ '1.2.4' ],
340 silly audit   '@types/resolve': [ '1.17.1' ],
340 silly audit   '@types/retry': [ '0.12.1' ],
340 silly audit   '@types/serve-index': [ '1.9.1' ],
340 silly audit   '@types/serve-static': [ '1.13.10' ],
340 silly audit   '@types/sockjs': [ '0.3.33' ],
340 silly audit   '@types/stack-utils': [ '2.0.1' ],
340 silly audit   '@types/testing-library__jest-dom': [ '5.14.2' ],
340 silly audit   '@types/trusted-types': [ '2.0.2' ],
340 silly audit   '@types/ws': [ '8.2.2' ],
340 silly audit   '@types/yargs': [ '16.0.4' ],
340 silly audit   '@types/yargs-parser': [ '20.2.1' ],
340 silly audit   '@typescript-eslint/eslint-plugin': [ '5.8.1' ],
340 silly audit   ignore: [ '5.2.0', '4.0.6' ],
340 silly audit   '@typescript-eslint/experimental-utils': [ '5.8.1' ],
340 silly audit   '@typescript-eslint/parser': [ '5.8.1' ],
340 silly audit   '@typescript-eslint/scope-manager': [ '5.8.1' ],
340 silly audit   '@typescript-eslint/types': [ '5.8.1' ],
340 silly audit   '@typescript-eslint/typescript-estree': [ '5.8.1' ],
340 silly audit   '@typescript-eslint/visitor-keys': [ '5.8.1' ],
340 silly audit   '@webassemblyjs/ast': [ '1.11.1' ],
340 silly audit   '@webassemblyjs/floating-point-hex-parser': [ '1.11.1' ],
340 silly audit   '@webassemblyjs/helper-api-error': [ '1.11.1' ],
340 silly audit   '@webassemblyjs/helper-buffer': [ '1.11.1' ],
340 silly audit   '@webassemblyjs/helper-numbers': [ '1.11.1' ],
340 silly audit   '@webassemblyjs/helper-wasm-bytecode': [ '1.11.1' ],
340 silly audit   '@webassemblyjs/helper-wasm-section': [ '1.11.1' ],
340 silly audit   '@webassemblyjs/ieee754': [ '1.11.1' ],
340 silly audit   '@webassemblyjs/leb128': [ '1.11.1' ],
340 silly audit   '@webassemblyjs/utf8': [ '1.11.1' ],
340 silly audit   '@webassemblyjs/wasm-edit': [ '1.11.1' ],
340 silly audit   '@webassemblyjs/wasm-gen': [ '1.11.1' ],
340 silly audit   '@webassemblyjs/wasm-opt': [ '1.11.1' ],
340 silly audit   '@webassemblyjs/wasm-parser': [ '1.11.1' ],
340 silly audit   '@webassemblyjs/wast-printer': [ '1.11.1' ],
340 silly audit   '@xtuc/ieee754': [ '1.2.0' ],
340 silly audit   '@xtuc/long': [ '4.2.2' ],
340 silly audit   abab: [ '2.0.5' ],
340 silly audit   accepts: [ '1.3.7' ],
340 silly audit   acorn: [ '8.7.0', '7.4.1' ],
340 silly audit   'acorn-globals': [ '6.0.0' ],
340 silly audit   'acorn-import-assertions': [ '1.8.0' ],
340 silly audit   'acorn-jsx': [ '5.3.2' ],
340 silly audit   'acorn-node': [ '1.8.2' ],
340 silly audit   'acorn-walk': [ '7.2.0' ],
340 silly audit   address: [ '1.1.2' ],
340 silly audit   'adjust-sourcemap-loader': [ '4.0.0' ],
340 silly audit   'agent-base': [ '6.0.2' ],
340 silly audit   'aggregate-error': [ '3.1.0' ],
340 silly audit   ajv: [ '6.12.6', '8.8.2' ],
340 silly audit   'ajv-formats': [ '2.1.1' ],
340 silly audit   'json-schema-traverse': [ '1.0.0', '0.4.1' ],
340 silly audit   'ajv-keywords': [ '3.5.2', '5.1.0' ],
340 silly audit   'alphanum-sort': [ '1.0.2' ],
340 silly audit   'ansi-colors': [ '4.1.1' ],
340 silly audit   'ansi-escapes': [ '4.3.2' ],
340 silly audit   'ansi-html-community': [ '0.0.8' ],
340 silly audit   'ansi-regex': [ '5.0.1', '6.0.1' ],
340 silly audit   anymatch: [ '3.1.2' ],
340 silly audit   arg: [ '5.0.1' ],
340 silly audit   'array-flatten': [ '2.1.2', '1.1.1' ],
340 silly audit   'array-includes': [ '3.1.4' ],
340 silly audit   'array-union': [ '2.1.0' ],
340 silly audit   'array.prototype.flat': [ '1.2.5' ],
340 silly audit   'array.prototype.flatmap': [ '1.2.5' ],
340 silly audit   asap: [ '2.0.6' ],
340 silly audit   'ast-types-flow': [ '0.0.7' ],
340 silly audit   async: [ '2.6.3', '0.9.2' ],
340 silly audit   asynckit: [ '0.4.0' ],
340 silly audit   'at-least-node': [ '1.0.0' ],
340 silly audit   atob: [ '2.1.2' ],
340 silly audit   autoprefixer: [ '10.4.1' ],
340 silly audit   'axe-core': [ '4.3.5' ],
340 silly audit   'axobject-query': [ '2.2.0' ],
340 silly audit   'babel-jest': [ '27.4.5' ],
340 silly audit   'babel-loader': [ '8.2.3' ],
340 silly audit   json5: [ '1.0.1', '2.2.0' ],
340 silly audit   'loader-utils': [ '1.4.0', '2.0.2', '3.2.0' ],
340 silly audit   'schema-utils': [ '2.7.1', '4.0.0', '2.7.0', '3.1.1' ],
340 silly audit   'babel-plugin-dynamic-import-node': [ '2.3.3' ],
340 silly audit   'babel-plugin-istanbul': [ '6.1.1' ],
340 silly audit   'babel-plugin-jest-hoist': [ '27.4.0' ],
340 silly audit   'babel-plugin-macros': [ '3.1.0' ],
340 silly audit   'babel-plugin-named-asset-import': [ '0.3.8' ],
340 silly audit   'babel-plugin-polyfill-corejs2': [ '0.3.0' ],
340 silly audit   'babel-plugin-polyfill-corejs3': [ '0.4.0' ],
340 silly audit   'babel-plugin-polyfill-regenerator': [ '0.3.0' ],
340 silly audit   'babel-plugin-transform-react-remove-prop-types': [ '0.4.24' ],
340 silly audit   'babel-preset-current-node-syntax': [ '1.0.1' ],
340 silly audit   'babel-preset-jest': [ '27.4.0' ],
340 silly audit   'babel-preset-react-app': [ '10.0.1' ],
340 silly audit   'balanced-match': [ '1.0.2' ],
340 silly audit   batch: [ '0.6.1' ],
340 silly audit   bfj: [ '7.0.2' ],
340 silly audit   'big.js': [ '5.2.2' ],
340 silly audit   'binary-extensions': [ '2.2.0' ],
340 silly audit   bluebird: [ '3.7.2' ],
340 silly audit   'body-parser': [ '1.19.1' ],
340 silly audit   bytes: [ '3.1.1', '3.0.0' ],
340 silly audit   debug: [ '2.6.9', '4.3.3', '3.2.7' ],
340 silly audit   'iconv-lite': [ '0.4.24', '0.6.3' ],
340 silly audit   ms: [ '2.0.0', '2.1.2', '2.1.3' ],
340 silly audit   bonjour: [ '3.5.0' ],
340 silly audit   boolbase: [ '1.0.0' ],
340 silly audit   'brace-expansion': [ '1.1.11' ],
340 silly audit   braces: [ '3.0.2' ],
340 silly audit   'browser-process-hrtime': [ '1.0.0' ],
340 silly audit   browserslist: [ '4.19.1' ],
340 silly audit   bser: [ '2.1.1' ],
340 silly audit   'buffer-from': [ '1.1.2' ],
340 silly audit   'buffer-indexof': [ '1.1.1' ],
340 silly audit   'builtin-modules': [ '3.2.0' ],
340 silly audit   'call-bind': [ '1.0.2' ],
340 silly audit   callsites: [ '3.1.0' ],
340 silly audit   'camel-case': [ '4.1.2' ],
340 silly audit   'camelcase-css': [ '2.0.1' ],
340 silly audit   'caniuse-api': [ '3.0.0' ],
340 silly audit   'caniuse-lite': [ '1.0.30001294' ],
340 silly audit   'case-sensitive-paths-webpack-plugin': [ '2.4.0' ],
340 silly audit   'char-regex': [ '1.0.2', '2.0.0' ],
340 silly audit   'check-types': [ '11.1.2' ],
340 silly audit   chokidar: [ '3.5.2' ],
340 silly audit   'glob-parent': [ '5.1.2', '6.0.2' ],
340 silly audit   'chrome-trace-event': [ '1.0.3' ],
340 silly audit   'ci-info': [ '3.3.0' ],
340 silly audit   'cjs-module-lexer': [ '1.2.2' ],
340 silly audit   'clean-css': [ '5.2.2' ],
340 silly audit   'clean-stack': [ '2.2.0' ],
340 silly audit   cliui: [ '7.0.4' ],
340 silly audit   co: [ '4.6.0' ],
340 silly audit   coa: [ '2.0.2' ],
340 silly audit   'collect-v8-coverage': [ '1.0.1' ],
340 silly audit   colord: [ '2.9.2' ],
340 silly audit   colorette: [ '2.0.16' ],
340 silly audit   'combined-stream': [ '1.0.8' ],
340 silly audit   commander: [ '8.3.0', '7.2.0', '2.20.3' ],
340 silly audit   'common-path-prefix': [ '3.0.0' ],
340 silly audit   'common-tags': [ '1.8.2' ],
340 silly audit   commondir: [ '1.0.1' ],
340 silly audit   compressible: [ '2.0.18' ],
340 silly audit   compression: [ '1.7.4' ],
340 silly audit   'concat-map': [ '0.0.1' ],
340 silly audit   'confusing-browser-globals': [ '1.0.11' ],
340 silly audit   'connect-history-api-fallback': [ '1.6.0' ],
340 silly audit   'content-disposition': [ '0.5.4' ],
340 silly audit   'safe-buffer': [ '5.2.1', '5.1.2' ],
340 silly audit   'content-type': [ '1.0.4' ],
340 silly audit   'convert-source-map': [ '1.8.0' ],
340 silly audit   cookie: [ '0.4.1' ],
340 silly audit   'cookie-signature': [ '1.0.6' ],
340 silly audit   'core-js': [ '3.20.1', '3.6.5' ],
340 silly audit   'core-js-compat': [ '3.20.1' ],
340 silly audit   'core-js-pure': [ '3.20.1' ],
340 silly audit   'core-util-is': [ '1.0.3' ],
340 silly audit   cosmiconfig: [ '7.0.1', '6.0.0' ],
340 silly audit   'cross-spawn': [ '7.0.3' ],
340 silly audit   'crypto-random-string': [ '2.0.0' ],
340 silly audit   css: [ '3.0.0' ],
340 silly audit   'css-blank-pseudo': [ '3.0.1' ],
340 silly audit   'css-declaration-sorter': [ '6.1.3' ],
340 silly audit   'css-has-pseudo': [ '3.0.1' ],
340 silly audit   'css-loader': [ '6.5.1' ],
340 silly audit   'css-minimizer-webpack-plugin': [ '3.3.1' ],
340 silly audit   'css-prefers-color-scheme': [ '6.0.1' ],
340 silly audit   'css-select': [ '4.2.1', '2.1.0' ],
340 silly audit   'css-select-base-adapter': [ '0.1.1' ],
340 silly audit   'css-tree': [ '1.0.0-alpha.37', '1.1.3' ],
340 silly audit   'css-what': [ '5.1.0', '3.4.2' ],
340 silly audit   'css.escape': [ '1.5.1' ],
340 silly audit   cssdb: [ '5.0.0' ],
340 silly audit   cssesc: [ '3.0.0' ],
340 silly audit   cssnano: [ '5.0.14' ],
340 silly audit   'cssnano-preset-default': [ '5.1.9' ],
340 silly audit   'cssnano-utils': [ '2.0.1' ],
340 silly audit   csso: [ '4.2.0' ],
340 silly audit   'mdn-data': [ '2.0.14', '2.0.4' ],
340 silly audit   cssom: [ '0.4.4', '0.3.8' ],
340 silly audit   cssstyle: [ '2.3.0' ],
340 silly audit   'damerau-levenshtein': [ '1.0.7' ],
340 silly audit   'data-urls': [ '2.0.0' ],
340 silly audit   'decimal.js': [ '10.3.1' ],
340 silly audit   'decode-uri-component': [ '0.2.0' ],
340 silly audit   dedent: [ '0.7.0' ],
340 silly audit   'deep-equal': [ '1.1.1' ],
340 silly audit   'deep-is': [ '0.1.4' ],
340 silly audit   deepmerge: [ '4.2.2' ],
340 silly audit   'default-gateway': [ '6.0.3' ],
340 silly audit   'define-lazy-prop': [ '2.0.0' ],
340 silly audit   'define-properties': [ '1.1.3' ],
340 silly audit   defined: [ '1.0.0' ],
340 silly audit   del: [ '6.0.0' ],
340 silly audit   'delayed-stream': [ '1.0.0' ],
340 silly audit   depd: [ '1.1.2' ],
340 silly audit   destroy: [ '1.0.4' ],
340 silly audit   'detect-newline': [ '3.1.0' ],
340 silly audit   'detect-node': [ '2.1.0' ],
340 silly audit   'detect-port-alt': [ '1.1.6' ],
340 silly audit   detective: [ '5.2.0' ],
340 silly audit   didyoumean: [ '1.2.2' ],
340 silly audit   'diff-sequences': [ '27.4.0' ],
340 silly audit   'dir-glob': [ '3.0.1' ],
340 silly audit   dlv: [ '1.1.3' ],
340 silly audit   'dns-equal': [ '1.0.0' ],
340 silly audit   'dns-packet': [ '1.3.4' ],
340 silly audit   'dns-txt': [ '2.0.2' ],
340 silly audit   doctrine: [ '3.0.0', '2.1.0' ],
340 silly audit   'dom-accessibility-api': [ '0.5.10' ],
340 silly audit   'dom-converter': [ '0.2.0' ],
340 silly audit   'dom-serializer': [ '1.3.2', '0.2.2' ],
340 silly audit   domelementtype: [ '2.2.0', '1.3.1' ],
340 silly audit   domexception: [ '2.0.1' ],
340 silly audit   'webidl-conversions': [ '5.0.0', '6.1.0', '4.0.2', '3.0.1' ],
340 silly audit   domhandler: [ '4.3.0' ],
340 silly audit   domutils: [ '2.8.0', '1.7.0' ],
340 silly audit   'dot-case': [ '3.0.4' ],
340 silly audit   dotenv: [ '10.0.0' ],
340 silly audit   'dotenv-expand': [ '5.1.0' ],
340 silly audit   duplexer: [ '0.1.2' ],
340 silly audit   'ee-first': [ '1.1.1' ],
340 silly audit   ejs: [ '3.1.6' ],
340 silly audit   'electron-to-chromium': [ '1.4.30' ],
340 silly audit   emittery: [ '0.8.1' ],
340 silly audit   'emoji-regex': [ '9.2.2', '8.0.0' ],
340 silly audit   'emojis-list': [ '3.0.0' ],
340 silly audit   encodeurl: [ '1.0.2' ],
340 silly audit   'enhanced-resolve': [ '5.8.3' ],
340 silly audit   enquirer: [ '2.3.6' ],
340 silly audit   entities: [ '2.2.0' ],
340 silly audit   'error-ex': [ '1.3.2' ],
340 silly audit   'error-stack-parser': [ '2.0.6' ],
340 silly audit   'es-abstract': [ '1.19.1' ],
340 silly audit   'es-module-lexer': [ '0.9.3' ],
340 silly audit   'es-to-primitive': [ '1.2.1' ],
340 silly audit   escalade: [ '3.1.1' ],
340 silly audit   'escape-html': [ '1.0.3' ],
340 silly audit   'escape-string-regexp': [ '1.0.5', '4.0.0', '2.0.0' ],
340 silly audit   escodegen: [ '2.0.0' ],
340 silly audit   levn: [ '0.3.0', '0.4.1' ],
340 silly audit   optionator: [ '0.8.3', '0.9.1' ],
340 silly audit   'prelude-ls': [ '1.1.2', '1.2.1' ],
340 silly audit   'type-check': [ '0.3.2', '0.4.0' ],
340 silly audit   eslint: [ '8.5.0' ],
340 silly audit   'eslint-config-react-app': [ '7.0.0' ],
340 silly audit   'eslint-import-resolver-node': [ '0.3.6' ],
340 silly audit   'eslint-module-utils': [ '2.7.1' ],
340 silly audit   'p-try': [ '1.0.0', '2.2.0' ],
340 silly audit   'path-exists': [ '3.0.0', '4.0.0' ],
340 silly audit   'eslint-plugin-flowtype': [ '8.0.3' ],
340 silly audit   'eslint-plugin-import': [ '2.25.3' ],
340 silly audit   'eslint-plugin-jest': [ '25.3.2' ],
340 silly audit   'eslint-plugin-jsx-a11y': [ '6.5.1' ],
340 silly audit   'eslint-plugin-react': [ '7.28.0' ],
340 silly audit   'eslint-plugin-react-hooks': [ '4.3.0' ],
340 silly audit   resolve: [ '2.0.0-next.3', '1.20.0' ],
340 silly audit   'eslint-plugin-testing-library': [ '5.0.1' ],
340 silly audit   'eslint-utils': [ '3.0.0' ],
340 silly audit   'eslint-webpack-plugin': [ '3.1.1' ],
340 silly audit   espree: [ '9.2.0' ],
340 silly audit   esprima: [ '4.0.1' ],
340 silly audit   esquery: [ '1.4.0' ],
340 silly audit   esrecurse: [ '4.3.0' ],
340 silly audit   'estree-walker': [ '1.0.1' ],
340 silly audit   esutils: [ '2.0.3' ],
340 silly audit   etag: [ '1.8.1' ],
340 silly audit   eventemitter3: [ '4.0.7' ],
340 silly audit   events: [ '3.3.0' ],
340 silly audit   execa: [ '5.1.1' ],
340 silly audit   exit: [ '0.1.2' ],
340 silly audit   expect: [ '27.4.2' ],
340 silly audit   express: [ '4.17.2' ],
340 silly audit   'fast-deep-equal': [ '3.1.3' ],
340 silly audit   'fast-glob': [ '3.2.7' ],
340 silly audit   'fast-json-stable-stringify': [ '2.1.0' ],
340 silly audit   'fast-levenshtein': [ '2.0.6' ],
340 silly audit   fastq: [ '1.13.0' ],
340 silly audit   'faye-websocket': [ '0.11.4' ],
340 silly audit   'fb-watchman': [ '2.0.1' ],
340 silly audit   'file-entry-cache': [ '6.0.1' ],
340 silly audit   'file-loader': [ '6.2.0' ],
340 silly audit   filelist: [ '1.0.2' ],
340 silly audit   filesize: [ '8.0.6' ],
340 silly audit   'fill-range': [ '7.0.1' ],
340 silly audit   finalhandler: [ '1.1.2' ],
340 silly audit   'find-cache-dir': [ '3.3.2' ],
340 silly audit   'pkg-dir': [ '4.2.0', '2.0.0' ],
340 silly audit   'flat-cache': [ '3.0.4' ],
340 silly audit   flatted: [ '3.2.4' ],
340 silly audit   'follow-redirects': [ '1.14.6' ],
340 silly audit   'fork-ts-checker-webpack-plugin': [ '6.5.0' ],
340 silly audit   'fs-extra': [ '9.1.0', '10.0.0' ],
340 silly audit   tapable: [ '1.1.3', '2.2.1' ],
340 silly audit   'form-data': [ '3.0.1' ],
340 silly audit   forwarded: [ '0.2.0' ],
340 silly audit   'fraction.js': [ '4.1.2' ],
340 silly audit   fresh: [ '0.5.2' ],
340 silly audit   'fs-monkey': [ '1.0.3' ],
340 silly audit   'fs.realpath': [ '1.0.0' ],
340 silly audit   fsevents: [ '2.3.2' ],
340 silly audit   'function-bind': [ '1.1.1' ],
340 silly audit   'functional-red-black-tree': [ '1.0.1' ],
340 silly audit   gensync: [ '1.0.0-beta.2' ],
340 silly audit   'get-caller-file': [ '2.0.5' ],
340 silly audit   'get-intrinsic': [ '1.1.1' ],
340 silly audit   'get-own-enumerable-property-symbols': [ '3.0.2' ],
340 silly audit   'get-package-type': [ '0.1.0' ],
340 silly audit   'get-stream': [ '6.0.1' ],
340 silly audit   'get-symbol-description': [ '1.0.0' ],
340 silly audit   glob: [ '7.2.0' ],
340 silly audit   'glob-to-regexp': [ '0.4.1' ],
340 silly audit   'global-modules': [ '2.0.0' ],
340 silly audit   'global-prefix': [ '3.0.0' ],
340 silly audit   which: [ '1.3.1', '2.0.2' ],
340 silly audit   globby: [ '11.0.4' ],
340 silly audit   'graceful-fs': [ '4.2.8' ],
340 silly audit   'gzip-size': [ '6.0.0' ],
340 silly audit   'handle-thing': [ '2.0.1' ],
340 silly audit   'harmony-reflect': [ '1.6.2' ],
340 silly audit   has: [ '1.0.3' ],
340 silly audit   'has-bigints': [ '1.0.1' ],
340 silly audit   'has-symbols': [ '1.0.2' ],
340 silly audit   'has-tostringtag': [ '1.0.0' ],
340 silly audit   he: [ '1.2.0' ],
340 silly audit   history: [ '5.2.0' ],
340 silly audit   hoopy: [ '0.1.4' ],
340 silly audit   'hpack.js': [ '2.1.6' ],
340 silly audit   'readable-stream': [ '2.3.7', '3.6.0' ],
340 silly audit   string_decoder: [ '1.1.1', '1.3.0' ],
340 silly audit   'html-encoding-sniffer': [ '2.0.1' ],
340 silly audit   'html-entities': [ '2.3.2' ],
340 silly audit   'html-escaper': [ '2.0.2' ],
340 silly audit   'html-minifier-terser': [ '6.1.0' ],
340 silly audit   'html-webpack-plugin': [ '5.5.0' ],
340 silly audit   htmlparser2: [ '6.1.0' ],
340 silly audit   'http-deceiver': [ '1.2.7' ],
340 silly audit   'http-errors': [ '1.8.1', '1.6.3' ],
340 silly audit   'http-parser-js': [ '0.5.5' ],
340 silly audit   'http-proxy': [ '1.18.1' ],
340 silly audit   'http-proxy-agent': [ '4.0.1' ],
340 silly audit   'http-proxy-middleware': [ '2.0.1' ],
340 silly audit   'https-proxy-agent': [ '5.0.0' ],
340 silly audit   'human-signals': [ '2.1.0' ],
340 silly audit   'icss-utils': [ '5.1.0' ],
340 silly audit   idb: [ '6.1.5', '3.0.2' ],
340 silly audit   'identity-obj-proxy': [ '3.0.0' ],
340 silly audit   immer: [ '9.0.7' ],
340 silly audit   'import-cwd': [ '3.0.0' ],
340 silly audit   'import-fresh': [ '3.3.0' ],
340 silly audit   'resolve-from': [ '4.0.0', '5.0.0' ],
340 silly audit   'import-from': [ '3.0.0' ],
340 silly audit   'import-local': [ '3.0.3' ],
340 silly audit   imurmurhash: [ '0.1.4' ],
340 silly audit   'indent-string': [ '4.0.0' ],
340 silly audit   inflight: [ '1.0.6' ],
340 silly audit   inherits: [ '2.0.4', '2.0.3' ],
340 silly audit   ini: [ '1.3.8' ],
340 silly audit   'internal-slot': [ '1.0.3' ],
340 silly audit   ip: [ '1.1.5' ],
340 silly audit   'ipaddr.js': [ '2.0.1', '1.9.1' ],
340 silly audit   'is-arguments': [ '1.1.1' ],
340 silly audit   'is-arrayish': [ '0.2.1' ],
340 silly audit   'is-bigint': [ '1.0.4' ],
340 silly audit   'is-binary-path': [ '2.1.0' ],
340 silly audit   'is-boolean-object': [ '1.1.2' ],
340 silly audit   'is-callable': [ '1.2.4' ],
340 silly audit   'is-core-module': [ '2.8.0' ],
340 silly audit   'is-date-object': [ '1.0.5' ],
340 silly audit   'is-docker': [ '2.2.1' ],
340 silly audit   'is-extglob': [ '2.1.1' ],
340 silly audit   'is-fullwidth-code-point': [ '3.0.0' ],
340 silly audit   'is-generator-fn': [ '2.1.0' ],
340 silly audit   'is-glob': [ '4.0.3' ],
340 silly audit   'is-module': [ '1.0.0' ],
340 silly audit   'is-negative-zero': [ '2.0.2' ],
340 silly audit   'is-number': [ '7.0.0' ],
340 silly audit   'is-number-object': [ '1.0.6' ],
340 silly audit   'is-obj': [ '1.0.1' ],
340 silly audit   'is-path-cwd': [ '2.2.0' ],
340 silly audit   'is-path-inside': [ '3.0.3' ],
340 silly audit   'is-plain-obj': [ '3.0.0' ],
340 silly audit   'is-potential-custom-element-name': [ '1.0.1' ],
340 silly audit   'is-regex': [ '1.1.4' ],
340 silly audit   'is-regexp': [ '1.0.0' ],
340 silly audit   'is-root': [ '2.1.0' ],
340 silly audit   'is-shared-array-buffer': [ '1.0.1' ],
340 silly audit   'is-stream': [ '2.0.1' ],
340 silly audit   'is-string': [ '1.0.7' ],
340 silly audit   'is-symbol': [ '1.0.4' ],
340 silly audit   'is-typedarray': [ '1.0.0' ],
340 silly audit   'is-weakref': [ '1.0.2' ],
340 silly audit   'is-wsl': [ '2.2.0' ],
340 silly audit   isarray: [ '1.0.0' ],
340 silly audit   isexe: [ '2.0.0' ],
340 silly audit   'istanbul-lib-coverage': [ '3.2.0' ],
340 silly audit   'istanbul-lib-report': [ '3.0.0' ],
340 silly audit   'istanbul-lib-source-maps': [ '4.0.1' ],
340 silly audit   'istanbul-reports': [ '3.1.3' ],
340 silly audit   jake: [ '10.8.2' ],
340 silly audit   jest: [ '27.4.5' ],
340 silly audit   'jest-changed-files': [ '27.4.2' ],
340 silly audit   'jest-circus': [ '27.4.5' ],
340 silly audit   'jest-cli': [ '27.4.5' ],
340 silly audit   'jest-config': [ '27.4.5' ],
340 silly audit   'jest-diff': [ '27.4.2' ],
340 silly audit   'jest-docblock': [ '27.4.0' ],
340 silly audit   'jest-each': [ '27.4.2' ],
340 silly audit   'jest-environment-jsdom': [ '27.4.4' ],
340 silly audit   'jest-environment-node': [ '27.4.4' ],
340 silly audit   'jest-get-type': [ '27.4.0' ],
340 silly audit   'jest-haste-map': [ '27.4.5' ],
340 silly audit   'jest-jasmine2': [ '27.4.5' ],
340 silly audit   'jest-leak-detector': [ '27.4.2' ],
340 silly audit   'jest-matcher-utils': [ '27.4.2' ],
340 silly audit   'jest-message-util': [ '27.4.2' ],
340 silly audit   'jest-mock': [ '27.4.2' ],
340 silly audit   'jest-pnp-resolver': [ '1.2.2' ],
340 silly audit   'jest-regex-util': [ '27.4.0' ],
340 silly audit   'jest-resolve': [ '27.4.5' ],
340 silly audit   'jest-resolve-dependencies': [ '27.4.5' ],
340 silly audit   'jest-runner': [ '27.4.5' ],
340 silly audit   'jest-runtime': [ '27.4.5' ],
340 silly audit   'jest-serializer': [ '27.4.0' ],
340 silly audit   'jest-snapshot': [ '27.4.5' ],
340 silly audit   'jest-util': [ '27.4.2' ],
340 silly audit   'jest-validate': [ '27.4.2' ],
340 silly audit   'jest-watch-typeahead': [ '1.0.0' ],
340 silly audit   slash: [ '4.0.0', '3.0.0' ],
340 silly audit   'string-length': [ '5.0.1', '4.0.2' ],
340 silly audit   'strip-ansi': [ '7.0.1', '6.0.1' ],
340 silly audit   'jest-watcher': [ '27.4.2' ],
340 silly audit   'jest-worker': [ '27.4.5', '26.6.2' ],
340 silly audit   'js-tokens': [ '4.0.0' ],
340 silly audit   jsdom: [ '16.7.0' ],
340 silly audit   jsesc: [ '2.5.2', '0.5.0' ],
340 silly audit   'json-parse-better-errors': [ '1.0.2' ],
340 silly audit   'json-parse-even-better-errors': [ '2.3.1' ],
340 silly audit   'json-schema': [ '0.4.0' ],
340 silly audit   'json-stable-stringify-without-jsonify': [ '1.0.1' ],
340 silly audit   jsonfile: [ '6.1.0' ],
340 silly audit   jsonpointer: [ '5.0.0' ],
340 silly audit   'jsx-ast-utils': [ '3.2.1' ],
340 silly audit   'kind-of': [ '6.0.3' ],
340 silly audit   kleur: [ '3.0.3' ],
340 silly audit   klona: [ '2.0.5' ],
340 silly audit   'language-subtag-registry': [ '0.3.21' ],
340 silly audit   'language-tags': [ '1.0.5' ],
340 silly audit   leven: [ '3.1.0' ],
340 silly audit   lilconfig: [ '2.0.4' ],
340 silly audit   'lines-and-columns': [ '1.2.4' ],
340 silly audit   'loader-runner': [ '4.2.0' ],
340 silly audit   lodash: [ '4.17.21' ],
340 silly audit   'lodash.debounce': [ '4.0.8' ],
340 silly audit   'lodash.memoize': [ '4.1.2' ],
340 silly audit   'lodash.merge': [ '4.6.2' ],
340 silly audit   'lodash.sortby': [ '4.7.0' ],
340 silly audit   'lodash.uniq': [ '4.5.0' ],
340 silly audit   'loose-envify': [ '1.4.0' ],
340 silly audit   'lower-case': [ '2.0.2' ],
340 silly audit   'lru-cache': [ '6.0.0' ],
340 silly audit   'lz-string': [ '1.4.4' ],
340 silly audit   'magic-string': [ '0.25.7' ],
340 silly audit   'make-dir': [ '3.1.0' ],
340 silly audit   makeerror: [ '1.0.12' ],
340 silly audit   'media-typer': [ '0.3.0' ],
340 silly audit   memfs: [ '3.4.0' ],
340 silly audit   'merge-descriptors': [ '1.0.1' ],
340 silly audit   'merge-stream': [ '2.0.0' ],
340 silly audit   merge2: [ '1.4.1' ],
340 silly audit   methods: [ '1.1.2' ],
340 silly audit   micromatch: [ '4.0.4' ],
340 silly audit   mime: [ '1.6.0' ],
340 silly audit   'mime-db': [ '1.51.0' ],
340 silly audit   'mime-types': [ '2.1.34' ],
340 silly audit   'mimic-fn': [ '2.1.0' ],
340 silly audit   'min-indent': [ '1.0.1' ],
340 silly audit   'mini-css-extract-plugin': [ '2.4.5' ],
340 silly audit   'minimalistic-assert': [ '1.0.1' ],
340 silly audit   minimatch: [ '3.0.4' ],
340 silly audit   minimist: [ '1.2.5' ],
340 silly audit   mkdirp: [ '0.5.5' ],
340 silly audit   'multicast-dns': [ '6.2.3' ],
340 silly audit   'multicast-dns-service-types': [ '1.1.0' ],
340 silly audit   nanoid: [ '3.1.30' ],
340 silly audit   'natural-compare': [ '1.4.0' ],
340 silly audit   negotiator: [ '0.6.2' ],
340 silly audit   'neo-async': [ '2.6.2' ],
340 silly audit   'no-case': [ '3.0.4' ],
340 silly audit   'node-forge': [ '0.10.0' ],
340 silly audit   'node-int64': [ '0.4.0' ],
340 silly audit   'node-releases': [ '2.0.1' ],
340 silly audit   'normalize-path': [ '3.0.0' ],
340 silly audit   'normalize-range': [ '0.1.2' ],
340 silly audit   'normalize-url': [ '6.1.0' ],
340 silly audit   'npm-run-path': [ '4.0.1' ],
340 silly audit   'nth-check': [ '2.0.1', '1.0.2' ],
340 silly audit   nwsapi: [ '2.2.0' ],
340 silly audit   'object-assign': [ '4.1.1' ],
340 silly audit   'object-hash': [ '2.2.0' ],
340 silly audit   'object-inspect': [ '1.12.0' ],
340 silly audit   'object-is': [ '1.1.5' ],
340 silly audit   'object-keys': [ '1.1.1' ],
340 silly audit   'object.assign': [ '4.1.2' ],
340 silly audit   'object.entries': [ '1.1.5' ],
340 silly audit   'object.fromentries': [ '2.0.5' ],
340 silly audit   'object.getownpropertydescriptors': [ '2.1.3' ],
340 silly audit   'object.hasown': [ '1.1.0' ],
340 silly audit   'object.values': [ '1.1.5' ],
340 silly audit   obuf: [ '1.1.2' ],
340 silly audit   'on-finished': [ '2.3.0' ],
340 silly audit   'on-headers': [ '1.0.2' ],
340 silly audit   once: [ '1.4.0' ],
340 silly audit   onetime: [ '5.1.2' ],
340 silly audit   open: [ '8.4.0' ],
340 silly audit   'p-map': [ '4.0.0' ],
340 silly audit   'p-retry': [ '4.6.1' ],
340 silly audit   'param-case': [ '3.0.4' ],
340 silly audit   'parent-module': [ '1.0.1' ],
340 silly audit   'parse-json': [ '5.2.0' ],
340 silly audit   parse5: [ '6.0.1' ],
340 silly audit   parseurl: [ '1.3.3' ],
340 silly audit   'pascal-case': [ '3.1.2' ],
340 silly audit   'path-is-absolute': [ '1.0.1' ],
340 silly audit   'path-key': [ '3.1.1' ],
340 silly audit   'path-parse': [ '1.0.7' ],
340 silly audit   'path-to-regexp': [ '0.1.7' ],
340 silly audit   'path-type': [ '4.0.0' ],
340 silly audit   'performance-now': [ '2.1.0' ],
340 silly audit   picocolors: [ '1.0.0', '0.2.1' ],
340 silly audit   picomatch: [ '2.3.0' ],
340 silly audit   pirates: [ '4.0.4' ],
340 silly audit   'pkg-up': [ '3.1.0' ],
340 silly audit   portfinder: [ '1.0.28' ],
340 silly audit   postcss: [ '8.4.5', '7.0.39' ],
340 silly audit   'postcss-attribute-case-insensitive': [ '5.0.0' ],
340 silly audit   'postcss-browser-comments': [ '4.0.0' ],
340 silly audit   'postcss-calc': [ '8.0.0' ],
340 silly audit   'postcss-color-functional-notation': [ '4.2.0' ],
340 silly audit   'postcss-color-hex-alpha': [ '8.0.1' ],
340 silly audit   'postcss-color-rebeccapurple': [ '7.0.1' ],
340 silly audit   'postcss-colormin': [ '5.2.2' ],
340 silly audit   'postcss-convert-values': [ '5.0.2' ],
340 silly audit   'postcss-custom-media': [ '8.0.0' ],
340 silly audit   'postcss-custom-properties': [ '12.0.1' ],
340 silly audit   'postcss-custom-selectors': [ '6.0.0' ],
340 silly audit   'postcss-dir-pseudo-class': [ '6.0.1' ],
340 silly audit   'postcss-discard-comments': [ '5.0.1' ],
340 silly audit   'postcss-discard-duplicates': [ '5.0.1' ],
340 silly audit   'postcss-discard-empty': [ '5.0.1' ],
340 silly audit   'postcss-discard-overridden': [ '5.0.1' ],
340 silly audit   'postcss-double-position-gradients': [ '3.0.3' ],
340 silly audit   'postcss-env-function': [ '4.0.3' ],
340 silly audit   'postcss-flexbugs-fixes': [ '5.0.2' ],
340 silly audit   'postcss-focus-visible': [ '6.0.2' ],
340 silly audit   'postcss-focus-within': [ '5.0.2' ],
340 silly audit   'postcss-font-variant': [ '5.0.0' ],
340 silly audit   'postcss-gap-properties': [ '3.0.1' ],
340 silly audit   'postcss-image-set-function': [ '4.0.3' ],
340 silly audit   'postcss-initial': [ '4.0.1' ],
340 silly audit   'postcss-js': [ '3.0.3' ],
340 silly audit   'postcss-lab-function': [ '4.0.2' ],
340 silly audit   'postcss-load-config': [ '3.1.0' ],
340 silly audit   'postcss-loader': [ '6.2.1' ],
340 silly audit   'postcss-logical': [ '5.0.1' ],
340 silly audit   'postcss-media-minmax': [ '5.0.0' ],
340 silly audit   'postcss-merge-longhand': [ '5.0.4' ],
340 silly audit   'postcss-merge-rules': [ '5.0.3' ],
340 silly audit   'postcss-minify-font-values': [ '5.0.1' ],
340 silly audit   'postcss-minify-gradients': [ '5.0.3' ],
340 silly audit   'postcss-minify-params': [ '5.0.2' ],
340 silly audit   'postcss-minify-selectors': [ '5.1.0' ],
340 silly audit   'postcss-modules-extract-imports': [ '3.0.0' ],
340 silly audit   'postcss-modules-local-by-default': [ '4.0.0' ],
340 silly audit   'postcss-modules-scope': [ '3.0.0' ],
340 silly audit   'postcss-modules-values': [ '4.0.0' ],
340 silly audit   'postcss-nested': [ '5.0.6' ],
340 silly audit   'postcss-nesting': [ '10.1.0' ],
340 silly audit   'postcss-normalize': [ '10.0.1' ],
340 silly audit   'postcss-normalize-charset': [ '5.0.1' ],
340 silly audit   'postcss-normalize-display-values': [ '5.0.1' ],
340 silly audit   'postcss-normalize-positions': [ '5.0.1' ],
340 silly audit   'postcss-normalize-repeat-style': [ '5.0.1' ],
340 silly audit   'postcss-normalize-string': [ '5.0.1' ],
340 silly audit   'postcss-normalize-timing-functions': [ '5.0.1' ],
340 silly audit   'postcss-normalize-unicode': [ '5.0.1' ],
340 silly audit   'postcss-normalize-url': [ '5.0.4' ],
340 silly audit   'postcss-normalize-whitespace': [ '5.0.1' ],
340 silly audit   'postcss-ordered-values': [ '5.0.2' ],
340 silly audit   'postcss-overflow-shorthand': [ '3.0.1' ],
340 silly audit   'postcss-page-break': [ '3.0.4' ],
340 silly audit   'postcss-place': [ '7.0.2' ],
340 silly audit   'postcss-preset-env': [ '7.1.0' ],
340 silly audit   'postcss-pseudo-class-any-link': [ '7.0.1' ],
340 silly audit   'postcss-reduce-initial': [ '5.0.2' ],
340 silly audit   'postcss-reduce-transforms': [ '5.0.1' ],
340 silly audit   'postcss-replace-overflow-wrap': [ '4.0.0' ],
340 silly audit   'postcss-selector-not': [ '5.0.0' ],
340 silly audit   'postcss-selector-parser': [ '6.0.8' ],
340 silly audit   'postcss-svgo': [ '5.0.3' ],
340 silly audit   svgo: [ '2.8.0', '1.3.2' ],
340 silly audit   'postcss-unique-selectors': [ '5.0.2' ],
340 silly audit   'postcss-value-parser': [ '4.2.0' ],
340 silly audit   'pretty-bytes': [ '5.6.0' ],
340 silly audit   'pretty-error': [ '4.0.0' ],
340 silly audit   'pretty-format': [ '27.4.2' ],
340 silly audit   'process-nextick-args': [ '2.0.1' ],
340 silly audit   progress: [ '2.0.3' ],
340 silly audit   promise: [ '8.1.0' ],
340 silly audit   prompts: [ '2.4.2' ],
340 silly audit   'prop-types': [ '15.8.0' ],
340 silly audit   'react-is': [ '16.13.1', '17.0.2' ],
340 silly audit   'proxy-addr': [ '2.0.7' ],
340 silly audit   psl: [ '1.8.0' ],
340 silly audit   punycode: [ '2.1.1' ],
340 silly audit   q: [ '1.5.1' ],
340 silly audit   qs: [ '6.9.6' ],
340 silly audit   'queue-microtask': [ '1.2.3' ],
340 silly audit   'quick-lru': [ '5.1.1' ],
340 silly audit   raf: [ '3.4.1' ],
340 silly audit   randombytes: [ '2.1.0' ],
340 silly audit   'range-parser': [ '1.2.1' ],
340 silly audit   'raw-body': [ '2.4.2' ],
340 silly audit   react: [ '17.0.2' ],
340 silly audit   'react-app-polyfill': [ '3.0.0' ],
340 silly audit   'react-dev-utils': [ '12.0.0' ],
340 silly audit   'react-dom': [ '17.0.2' ],
340 silly audit   'react-error-overlay': [ '6.0.10' ],
340 silly audit   'react-refresh': [ '0.11.0' ],
340 silly audit   'react-router': [ '6.2.1' ],
340 silly audit   'react-router-dom': [ '6.2.1' ],
340 silly audit   'react-scripts': [ '5.0.0' ],
340 silly audit   readdirp: [ '3.6.0' ],
340 silly audit   'recursive-readdir': [ '2.2.2' ],
340 silly audit   redent: [ '3.0.0' ],
340 silly audit   regenerate: [ '1.4.2' ],
340 silly audit   'regenerate-unicode-properties': [ '9.0.0' ],
340 silly audit   'regenerator-runtime': [ '0.13.9' ],
340 silly audit   'regenerator-transform': [ '0.14.5' ],
340 silly audit   'regex-parser': [ '2.2.11' ],
340 silly audit   'regexp.prototype.flags': [ '1.3.1' ],
340 silly audit   regexpp: [ '3.2.0' ],
340 silly audit   'regexpu-core': [ '4.8.0' ],
340 silly audit   regjsgen: [ '0.5.2' ],
340 silly audit   regjsparser: [ '0.7.0' ],
340 silly audit   relateurl: [ '0.2.7' ],
340 silly audit   renderkid: [ '3.0.0' ],
340 silly audit   'require-directory': [ '2.1.1' ],
340 silly audit   'require-from-string': [ '2.0.2' ],
340 silly audit   'requires-port': [ '1.0.0' ],
340 silly audit   'resolve-cwd': [ '3.0.0' ],
340 silly audit   'resolve-url-loader': [ '4.0.0' ],
340 silly audit   'resolve.exports': [ '1.1.0' ],
340 silly audit   retry: [ '0.13.1' ],
340 silly audit   reusify: [ '1.0.4' ],
340 silly audit   rimraf: [ '3.0.2' ],
340 silly audit   rollup: [ '2.62.0' ],
340 silly audit   'rollup-plugin-terser': [ '7.0.2' ],
340 silly audit   'serialize-javascript': [ '4.0.0', '6.0.0' ],
340 silly audit   'run-parallel': [ '1.2.0' ],
340 silly audit   'safer-buffer': [ '2.1.2' ],
340 silly audit   'sanitize.css': [ '13.0.0' ],
340 silly audit   'sass-loader': [ '12.4.0' ],
340 silly audit   sax: [ '1.2.4' ],
340 silly audit   saxes: [ '5.0.1' ],
340 silly audit   scheduler: [ '0.20.2' ],
340 silly audit   'select-hose': [ '2.0.0' ],
340 silly audit   selfsigned: [ '1.10.11' ],
340 silly audit   send: [ '0.17.2' ],
340 silly audit   'serve-index': [ '1.9.1' ],
340 silly audit   setprototypeof: [ '1.1.0', '1.2.0' ],
340 silly audit   'serve-static': [ '1.14.2' ],
340 silly audit   'shebang-command': [ '2.0.0' ],
340 silly audit   'shebang-regex': [ '3.0.0' ],
340 silly audit   'shell-quote': [ '1.7.3' ],
340 silly audit   'side-channel': [ '1.0.4' ],
340 silly audit   'signal-exit': [ '3.0.6' ],
340 silly audit   sisteransi: [ '1.0.5' ],
340 silly audit   sockjs: [ '0.3.24' ],
340 silly audit   'source-list-map': [ '2.0.1' ],
340 silly audit   'source-map-js': [ '1.0.1', '0.6.2' ],
340 silly audit   'source-map-loader': [ '3.0.0' ],
340 silly audit   'source-map-resolve': [ '0.6.0' ],
340 silly audit   'source-map-support': [ '0.5.21' ],
340 silly audit   'source-map-url': [ '0.4.1' ],
340 silly audit   'sourcemap-codec': [ '1.4.8' ],
340 silly audit   spdy: [ '4.0.2' ],
340 silly audit   'spdy-transport': [ '3.0.0' ],
340 silly audit   'sprintf-js': [ '1.0.3' ],
340 silly audit   stable: [ '0.1.8' ],
340 silly audit   'stack-utils': [ '2.0.5' ],
340 silly audit   stackframe: [ '1.2.0' ],
340 silly audit   statuses: [ '1.5.0' ],
340 silly audit   'string-natural-compare': [ '3.0.1' ],
340 silly audit   'string-width': [ '4.2.3' ],
340 silly audit   'string.prototype.matchall': [ '4.0.6' ],
340 silly audit   'string.prototype.trimend': [ '1.0.4' ],
340 silly audit   'string.prototype.trimstart': [ '1.0.4' ],
340 silly audit   'stringify-object': [ '3.3.0' ],
340 silly audit   'strip-bom': [ '4.0.0', '3.0.0' ],
340 silly audit   'strip-comments': [ '2.0.1' ],
340 silly audit   'strip-final-newline': [ '2.0.0' ],
340 silly audit   'strip-indent': [ '3.0.0' ],
340 silly audit   'strip-json-comments': [ '3.1.1' ],
340 silly audit   'style-loader': [ '3.3.1' ],
340 silly audit   stylehacks: [ '5.0.1' ],
340 silly audit   'supports-hyperlinks': [ '2.2.0' ],
340 silly audit   'svg-parser': [ '2.0.4' ],
340 silly audit   'symbol-tree': [ '3.2.4' ],
340 silly audit   tailwindcss: [ '3.0.8' ],
340 silly audit   'temp-dir': [ '2.0.0' ],
340 silly audit   tempy: [ '0.6.0' ],
340 silly audit   'terminal-link': [ '2.1.1' ],
340 silly audit   terser: [ '5.10.0' ],
340 silly audit   'terser-webpack-plugin': [ '5.3.0' ],
340 silly audit   'test-exclude': [ '6.0.0' ],
340 silly audit   'text-table': [ '0.2.0' ],
340 silly audit   throat: [ '6.0.1' ],
340 silly audit   thunky: [ '1.1.0' ],
340 silly audit   timsort: [ '0.3.0' ],
340 silly audit   tmp: [ '0.2.1' ],
340 silly audit   tmpl: [ '1.0.5' ],
340 silly audit   'to-fast-properties': [ '2.0.0' ],
340 silly audit   'to-regex-range': [ '5.0.1' ],
340 silly audit   toidentifier: [ '1.0.1' ],
340 silly audit   'tough-cookie': [ '4.0.0' ],
340 silly audit   universalify: [ '0.1.2', '2.0.0' ],
340 silly audit   tr46: [ '2.1.0', '1.0.1', '0.0.3' ],
340 silly audit   tryer: [ '1.0.1' ],
340 silly audit   'tsconfig-paths': [ '3.12.0' ],
340 silly audit   tslib: [ '2.3.1', '1.14.1' ],
340 silly audit   tsutils: [ '3.21.0' ],
340 silly audit   'type-detect': [ '4.0.8' ],
340 silly audit   'type-is': [ '1.6.18' ],
340 silly audit   'typedarray-to-buffer': [ '3.1.5' ],
340 silly audit   typescript: [ '4.5.4' ],
340 silly audit   'unbox-primitive': [ '1.0.1' ],
340 silly audit   'unicode-canonical-property-names-ecmascript': [ '2.0.0' ],
340 silly audit   'unicode-match-property-ecmascript': [ '2.0.0' ],
340 silly audit   'unicode-match-property-value-ecmascript': [ '2.0.0' ],
340 silly audit   'unicode-property-aliases-ecmascript': [ '2.0.0' ],
340 silly audit   'unique-string': [ '2.0.0' ],
340 silly audit   unpipe: [ '1.0.0' ],
340 silly audit   unquote: [ '1.1.1' ],
340 silly audit   upath: [ '1.2.0' ],
340 silly audit   'uri-js': [ '4.4.1' ],
340 silly audit   'util-deprecate': [ '1.0.2' ],
340 silly audit   'util.promisify': [ '1.0.1' ],
340 silly audit   utila: [ '0.4.0' ],
340 silly audit   'utils-merge': [ '1.0.1' ],
340 silly audit   uuid: [ '8.3.2' ],
340 silly audit   'v8-compile-cache': [ '2.3.0' ],
340 silly audit   'v8-to-istanbul': [ '8.1.0' ],
340 silly audit   vary: [ '1.1.2' ],
340 silly audit   'w3c-hr-time': [ '1.0.2' ],
340 silly audit   'w3c-xmlserializer': [ '2.0.0' ],
340 silly audit   walker: [ '1.0.8' ],
340 silly audit   watchpack: [ '2.3.1' ],
340 silly audit   wbuf: [ '1.7.3' ],
340 silly audit   'web-vitals': [ '2.1.2' ],
340 silly audit   webpack: [ '5.65.0' ],
340 silly audit   'webpack-dev-middleware': [ '5.3.0' ],
340 silly audit   'webpack-dev-server': [ '4.7.2' ],
340 silly audit   ws: [ '8.4.0', '7.5.6' ],
340 silly audit   'webpack-manifest-plugin': [ '4.0.2' ],
340 silly audit   'webpack-sources': [ '2.3.1', '3.2.2', '1.4.3' ],
340 silly audit   'websocket-driver': [ '0.7.4' ],
340 silly audit   'websocket-extensions': [ '0.1.4' ],
340 silly audit   'whatwg-encoding': [ '1.0.5' ],
340 silly audit   'whatwg-fetch': [ '3.6.2', '2.0.4' ],
340 silly audit   'whatwg-mimetype': [ '2.3.0' ],
340 silly audit   'whatwg-url': [ '8.7.0', '7.1.0', '5.0.0' ],
340 silly audit   'which-boxed-primitive': [ '1.0.2' ],
340 silly audit   'word-wrap': [ '1.2.3' ],
340 silly audit   'workbox-background-sync': [ '6.4.2' ],
340 silly audit   'workbox-broadcast-update': [ '6.4.2' ],
340 silly audit   'workbox-build': [ '6.4.2' ],
340 silly audit   '@apideck/better-ajv-errors': [ '0.3.2' ],
340 silly audit   'workbox-cacheable-response': [ '6.4.2' ],
340 silly audit   'workbox-core': [ '6.4.2' ],
340 silly audit   'workbox-expiration': [ '6.4.2' ],
340 silly audit   'workbox-google-analytics': [ '6.4.2' ],
340 silly audit   'workbox-navigation-preload': [ '6.4.2' ],
340 silly audit   'workbox-precaching': [ '6.4.2' ],
340 silly audit   'workbox-range-requests': [ '6.4.2' ],
340 silly audit   'workbox-recipes': [ '6.4.2' ],
340 silly audit   'workbox-routing': [ '6.4.2' ],
340 silly audit   'workbox-strategies': [ '6.4.2' ],
340 silly audit   'workbox-streams': [ '6.4.2' ],
340 silly audit   'workbox-sw': [ '6.4.2' ],
340 silly audit   'workbox-webpack-plugin': [ '6.4.2' ],
340 silly audit   'workbox-window': [ '6.4.2' ],
340 silly audit   'wrap-ansi': [ '7.0.0' ],
340 silly audit   wrappy: [ '1.0.2' ],
340 silly audit   'write-file-atomic': [ '3.0.3' ],
340 silly audit   'xml-name-validator': [ '3.0.0' ],
340 silly audit   xmlchars: [ '2.2.0' ],
340 silly audit   xtend: [ '4.0.2' ],
340 silly audit   y18n: [ '5.0.8' ],
340 silly audit   yallist: [ '4.0.0' ],
340 silly audit   yaml: [ '1.10.2' ],
340 silly audit   yargs: [ '16.2.0' ],
340 silly audit   'yargs-parser': [ '20.2.9' ],
340 silly audit   'yocto-queue': [ '0.1.0' ],
340 silly audit   firebase: [ '9.6.1' ],
340 silly audit   '@firebase/analytics': [ '0.7.4' ],
340 silly audit   '@firebase/app': [ '0.7.11' ],
340 silly audit   '@firebase/analytics-compat': [ '0.1.5' ],
340 silly audit   '@firebase/app-compat': [ '0.1.12' ],
340 silly audit   '@firebase/app-check': [ '0.5.2' ],
340 silly audit   '@firebase/app-check-compat': [ '0.2.2' ],
340 silly audit   '@firebase/app-types': [ '0.7.0' ],
340 silly audit   '@firebase/auth': [ '0.19.4' ],
340 silly audit   '@firebase/auth-compat': [ '0.2.4' ],
340 silly audit   '@firebase/database': [ '0.12.4' ],
340 silly audit   '@firebase/database-compat': [ '0.1.4' ],
340 silly audit   '@firebase/firestore': [ '3.4.1' ],
340 silly audit   '@firebase/firestore-compat': [ '0.1.10' ],
340 silly audit   '@firebase/functions': [ '0.7.6' ],
340 silly audit   '@firebase/functions-compat': [ '0.1.7' ],
340 silly audit   '@firebase/installations': [ '0.5.4' ],
340 silly audit   '@firebase/messaging': [ '0.9.4' ],
340 silly audit   '@firebase/messaging-compat': [ '0.1.4' ],
340 silly audit   '@firebase/performance': [ '0.5.4' ],
340 silly audit   '@firebase/performance-compat': [ '0.1.4' ],
340 silly audit   '@firebase/polyfill': [ '0.3.36' ],
340 silly audit   '@firebase/remote-config': [ '0.3.3' ],
340 silly audit   '@firebase/remote-config-compat': [ '0.1.4' ],
340 silly audit   '@firebase/storage': [ '0.9.0' ],
340 silly audit   '@firebase/storage-compat': [ '0.1.8' ],
340 silly audit   '@firebase/util': [ '1.4.2' ],
340 silly audit   '@firebase/component': [ '0.5.9' ],
340 silly audit   '@firebase/logger': [ '0.3.2' ],
340 silly audit   '@firebase/analytics-types': [ '0.7.0' ],
340 silly audit   'node-fetch': [ '2.6.5' ],
340 silly audit   'selenium-webdriver': [ '4.0.0-rc-1' ],
340 silly audit   '@firebase/auth-types': [ '0.11.0' ],
340 silly audit   '@firebase/auth-interop-types': [ '0.1.6' ],
340 silly audit   '@firebase/database-types': [ '0.9.3' ],
340 silly audit   '@firebase/webchannel-wrapper': [ '0.6.1' ],
340 silly audit   '@grpc/grpc-js': [ '1.4.5' ],
340 silly audit   '@grpc/proto-loader': [ '0.6.7' ],
340 silly audit   '@firebase/firestore-types': [ '2.5.0' ],
340 silly audit   '@firebase/app-check-interop-types': [ '0.1.0' ],
340 silly audit   '@firebase/messaging-interop-types': [ '0.1.0' ],
340 silly audit   '@firebase/functions-types': [ '0.5.0' ],
340 silly audit   '@firebase/performance-types': [ '0.1.0' ],
340 silly audit   'promise-polyfill': [ '8.1.3' ],
340 silly audit   '@firebase/remote-config-types': [ '0.2.0' ],
340 silly audit   '@firebase/storage-types': [ '0.6.0' ],
340 silly audit   '@types/long': [ '4.0.1' ],
340 silly audit   'lodash.camelcase': [ '4.3.0' ],
340 silly audit   long: [ '4.0.0' ],
340 silly audit   protobufjs: [ '6.11.2' ],
340 silly audit   '@protobufjs/aspromise': [ '1.1.2' ],
340 silly audit   '@protobufjs/base64': [ '1.1.2' ],
340 silly audit   '@protobufjs/codegen': [ '2.0.4' ],
340 silly audit   '@protobufjs/eventemitter': [ '1.1.0' ],
340 silly audit   '@protobufjs/fetch': [ '1.1.0' ],
340 silly audit   '@protobufjs/float': [ '1.0.2' ],
340 silly audit   '@protobufjs/inquire': [ '1.1.0' ],
340 silly audit   '@protobufjs/path': [ '1.1.2' ],
340 silly audit   '@protobufjs/pool': [ '1.1.0' ],
340 silly audit   '@protobufjs/utf8': [ '1.1.0' ],
340 silly audit   jszip: [ '3.7.1' ],
340 silly audit   lie: [ '3.3.0' ],
340 silly audit   pako: [ '1.0.11' ],
340 silly audit   'set-immediate-shim': [ '1.0.1' ],
340 silly audit   immediate: [ '3.0.6' ]
340 silly audit }
341 verbose reify failed optional dependency C:\projects\health-aid\node_modules\fsevents
342 silly reify mark deleted [ 'C:\\projects\\health-aid\\node_modules\\fsevents' ]
343 timing reifyNode:node_modules/fsevents Completed in 47ms
344 silly tarball no local data for @firebase/firestore-compat@https://registry.npmjs.org/@firebase/firestore-compat/-/firestore-compat-0.1.10.tgz. Extracting by manifest.
345 http fetch POST 200 https://registry.npmjs.org/-/npm/v1/security/advisories/bulk 1985ms
346 timing auditReport:getReport Completed in 2029ms
347 silly audit report {
347 silly audit report   'nth-check': [
347 silly audit report     {
347 silly audit report       id: 1004967,
347 silly audit report       url: 'https://github.com/advisories/GHSA-rp65-9cf3-cjxr',
347 silly audit report       title: 'Inefficient Regular Expression Complexity in nth-check',
347 silly audit report       severity: 'moderate',
347 silly audit report       vulnerable_versions: '<2.0.1'
347 silly audit report     }
347 silly audit report   ]
347 silly audit report }
348 timing metavuln:cache:get:security-advisory:nth-check:phzbT+HCVgpA1C0GvSQ+THzeiYTr85AjCi0uOiMdmcC5FQFZSg2cAxsM7WmntPfv9aYplGKdCep6sPcOzXhQDw== Completed in 3406ms
349 timing reifyNode:node_modules/set-immediate-shim Completed in 6368ms
350 timing reifyNode:node_modules/@firebase/performance-types Completed in 6371ms
351 timing reifyNode:node_modules/@types/long Completed in 8475ms
352 timing reifyNode:node_modules/@firebase/app-check-interop-types Completed in 8522ms
353 timing reifyNode:node_modules/@firebase/functions-types Completed in 8523ms
354 timing reifyNode:node_modules/@firebase/storage-types Completed in 8536ms
355 timing reifyNode:node_modules/@firebase/auth-interop-types Completed in 8582ms
356 timing reifyNode:node_modules/@firebase/remote-config-types Completed in 8586ms
357 timing reifyNode:node_modules/@firebase/messaging-interop-types Completed in 8586ms
358 timing reifyNode:node_modules/@firebase/database-types Completed in 8601ms
359 timing reifyNode:node_modules/lodash.camelcase Completed in 8822ms
360 timing reifyNode:node_modules/@firebase/firestore-types Completed in 8936ms
361 timing reifyNode:node_modules/@firebase/auth-types Completed in 8952ms
362 timing reifyNode:node_modules/@firebase/analytics-types Completed in 9204ms
363 timing reifyNode:node_modules/node-fetch/node_modules/webidl-conversions Completed in 9279ms
364 timing reifyNode:node_modules/@firebase/polyfill/node_modules/whatwg-fetch Completed in 9342ms
365 timing reifyNode:node_modules/@firebase/app-types Completed in 10040ms
366 timing reifyNode:node_modules/jszip/node_modules/string_decoder Completed in 11231ms
367 timing reifyNode:node_modules/@protobufjs/fetch Completed in 11558ms
368 timing reifyNode:node_modules/@protobufjs/aspromise Completed in 11572ms
369 timing reifyNode:node_modules/@protobufjs/path Completed in 11587ms
370 timing reifyNode:node_modules/@protobufjs/codegen Completed in 11608ms
371 timing reifyNode:node_modules/@protobufjs/base64 Completed in 11608ms
372 timing reifyNode:node_modules/@protobufjs/eventemitter Completed in 11609ms
373 timing reifyNode:node_modules/@protobufjs/pool Completed in 11972ms
374 http fetch GET 200 https://registry.npmjs.org/nth-check 10318ms (cache revalidated)
375 timing metavuln:packument:nth-check Completed in 10320ms
376 timing metavuln:load:security-advisory:nth-check:1004967 Completed in 1ms
377 timing metavuln:calculate:security-advisory:nth-check:1004967 Completed in 10322ms
378 timing reifyNode:node_modules/@firebase/polyfill Completed in 12017ms
379 timing reifyNode:node_modules/immediate Completed in 12405ms
380 timing reifyNode:node_modules/@protobufjs/utf8 Completed in 12954ms
381 timing reifyNode:node_modules/@protobufjs/float Completed in 13103ms
382 timing reifyNode:node_modules/node-fetch/node_modules/whatwg-url Completed in 13818ms
383 timing metavuln:cache:get:security-advisory:css-select:QvKraIGpcyVxEwFP0qxpEFcY9Kx8ThCeiILkMKxPQIjEnGuEnh3anOmKy/kR5kMZzYPfqYeVltD9/X58U3TjZA== Completed in 1803ms
384 timing reifyNode:node_modules/node-fetch/node_modules/tr46 Completed in 13857ms
385 timing reifyNode:node_modules/node-fetch Completed in 13858ms
386 timing reifyNode:node_modules/@grpc/proto-loader Completed in 14047ms
387 timing reifyNode:node_modules/long Completed in 14121ms
388 timing reifyNode:node_modules/@protobufjs/inquire Completed in 14300ms
389 timing reifyNode:node_modules/lie Completed in 14818ms
390 timing reifyNode:node_modules/promise-polyfill Completed in 15007ms
391 timing reifyNode:node_modules/@firebase/messaging/node_modules/idb Completed in 15052ms
392 timing reifyNode:node_modules/@firebase/installations/node_modules/idb Completed in 15070ms
393 http fetch GET 200 https://registry.npmjs.org/css-select 3947ms (cache revalidated)
394 timing metavuln:packument:css-select Completed in 3948ms
395 timing metavuln:load:security-advisory:css-select:phzbT+HCVgpA1C0GvSQ+THzeiYTr85AjCi0uOiMdmcC5FQFZSg2cAxsM7WmntPfv9aYplGKdCep6sPcOzXhQDw== Completed in 1ms
396 timing metavuln:calculate:security-advisory:css-select:phzbT+HCVgpA1C0GvSQ+THzeiYTr85AjCi0uOiMdmcC5FQFZSg2cAxsM7WmntPfv9aYplGKdCep6sPcOzXhQDw== Completed in 3949ms
397 timing metavuln:cache:get:security-advisory:svgo:OHZB6d+CGzzJH+SGXY8su3iJlNH1NaDqhuoKFdPTyWeAjlh6ziaxYy3xIs9UP2Db/gO8IGXhgy1CK5CKZYcXwQ== Completed in 1353ms
398 timing reifyNode:node_modules/@firebase/analytics-compat Completed in 18873ms
399 timing reifyNode:node_modules/@firebase/app-check-compat Completed in 18910ms
400 timing reifyNode:node_modules/@firebase/logger Completed in 19195ms
401 http fetch GET 200 https://registry.npmjs.org/svgo 3845ms (cache revalidated)
402 timing metavuln:packument:svgo Completed in 3851ms
403 timing metavuln:load:security-advisory:svgo:QvKraIGpcyVxEwFP0qxpEFcY9Kx8ThCeiILkMKxPQIjEnGuEnh3anOmKy/kR5kMZzYPfqYeVltD9/X58U3TjZA== Completed in 1ms
404 timing metavuln:calculate:security-advisory:svgo:QvKraIGpcyVxEwFP0qxpEFcY9Kx8ThCeiILkMKxPQIjEnGuEnh3anOmKy/kR5kMZzYPfqYeVltD9/X58U3TjZA== Completed in 3852ms
405 timing reifyNode:node_modules/@firebase/performance-compat Completed in 19962ms
406 timing reifyNode:node_modules/@firebase/messaging-compat Completed in 20183ms
407 timing reifyNode:node_modules/@firebase/remote-config-compat Completed in 20202ms
408 timing metavuln:cache:get:security-advisory:@svgr/plugin-svgo:Y6Uz1R+7eFJi7z9OuDLVFqOqoa+KNEJXoDBaJOvNkGbMybgpFGFyUp3+/hgnlcnP6e++1CmOu8Xd7rAkpDq1oA== Completed in 543ms
409 timing reifyNode:node_modules/jszip/node_modules/readable-stream Completed in 21242ms
410 timing reifyNode:node_modules/@firebase/functions-compat Completed in 21423ms
411 http fetch GET 200 https://registry.npmjs.org/@svgr%2fplugin-svgo 1931ms (cache revalidated)
412 timing metavuln:packument:@svgr/plugin-svgo Completed in 1934ms
413 timing metavuln:load:security-advisory:@svgr/plugin-svgo:OHZB6d+CGzzJH+SGXY8su3iJlNH1NaDqhuoKFdPTyWeAjlh6ziaxYy3xIs9UP2Db/gO8IGXhgy1CK5CKZYcXwQ== Completed in 1ms
414 timing metavuln:calculate:security-advisory:@svgr/plugin-svgo:OHZB6d+CGzzJH+SGXY8su3iJlNH1NaDqhuoKFdPTyWeAjlh6ziaxYy3xIs9UP2Db/gO8IGXhgy1CK5CKZYcXwQ== Completed in 1936ms
415 timing metavuln:cache:get:security-advisory:@svgr/webpack:9FU+S2nJEE9qkmhw2e9Qf+9r/PGgNQ8ZoC8exzk0iSJUeIPgYWWBDoxV2liO7htWV1W8bttqd7DeVRnSLtQfNA== Completed in 381ms
416 timing reifyNode:node_modules/@firebase/component Completed in 23274ms
417 http fetch GET 200 https://registry.npmjs.org/@svgr%2fwebpack 1551ms (cache revalidated)
418 timing metavuln:packument:@svgr/webpack Completed in 1554ms
419 timing metavuln:load:security-advisory:@svgr/webpack:Y6Uz1R+7eFJi7z9OuDLVFqOqoa+KNEJXoDBaJOvNkGbMybgpFGFyUp3+/hgnlcnP6e++1CmOu8Xd7rAkpDq1oA== Completed in 2ms
420 timing metavuln:calculate:security-advisory:@svgr/webpack:Y6Uz1R+7eFJi7z9OuDLVFqOqoa+KNEJXoDBaJOvNkGbMybgpFGFyUp3+/hgnlcnP6e++1CmOu8Xd7rAkpDq1oA== Completed in 1556ms
421 timing metavuln:cache:get:security-advisory:react-scripts:IxmbYQwbfx1OM+t5jacV0IuBwTPOeRze73fJRsKpJhch5By5il4jatxcvsPLEimK5AamC6GEhMc9hyiVH08NBg== Completed in 252ms
422 timing reifyNode:node_modules/pako Completed in 24500ms
423 http fetch GET 200 https://registry.npmjs.org/react-scripts 1606ms (cache revalidated)
424 timing metavuln:packument:react-scripts Completed in 1618ms
425 timing metavuln:load:security-advisory:react-scripts:9FU+S2nJEE9qkmhw2e9Qf+9r/PGgNQ8ZoC8exzk0iSJUeIPgYWWBDoxV2liO7htWV1W8bttqd7DeVRnSLtQfNA== Completed in 3ms
426 timing metavuln:calculate:security-advisory:react-scripts:9FU+S2nJEE9qkmhw2e9Qf+9r/PGgNQ8ZoC8exzk0iSJUeIPgYWWBDoxV2liO7htWV1W8bttqd7DeVRnSLtQfNA== Completed in 1621ms
427 timing auditReport:init Completed in 23290ms
428 timing reify:audit Completed in 25321ms
429 timing reifyNode:node_modules/@firebase/storage-compat Completed in 25048ms
430 timing reifyNode:node_modules/@firebase/functions Completed in 25826ms
431 timing reifyNode:node_modules/@firebase/app-compat Completed in 26881ms
432 timing reifyNode:node_modules/@firebase/webchannel-wrapper Completed in 27650ms
433 timing reifyNode:node_modules/@firebase/app Completed in 27655ms
434 timing reifyNode:node_modules/jszip Completed in 29119ms
435 timing reifyNode:node_modules/selenium-webdriver Completed in 29144ms
436 http fetch GET 200 https://registry.npmjs.org/@firebase/firestore-compat/-/firestore-compat-0.1.10.tgz 29090ms (cache miss)
437 timing reifyNode:node_modules/@firebase/firestore-compat Completed in 29281ms
438 timing reifyNode:node_modules/@firebase/analytics Completed in 29776ms
439 timing reifyNode:node_modules/@firebase/remote-config Completed in 32550ms
440 timing reifyNode:node_modules/@firebase/app-check Completed in 33558ms
441 timing reifyNode:node_modules/@firebase/util Completed in 33837ms
442 timing reifyNode:node_modules/@firebase/auth-compat Completed in 34025ms
443 timing reifyNode:node_modules/@firebase/performance Completed in 35319ms
444 timing reifyNode:node_modules/@firebase/database-compat Completed in 36316ms
445 timing reifyNode:node_modules/@firebase/installations Completed in 37609ms
446 timing reifyNode:node_modules/@firebase/messaging Completed in 39551ms
447 timing reifyNode:node_modules/@firebase/storage Completed in 40244ms
448 timing reifyNode:node_modules/@firebase/database Completed in 55629ms
449 timing reifyNode:node_modules/@grpc/grpc-js Completed in 57866ms
450 timing reifyNode:node_modules/protobufjs Completed in 61513ms
451 timing reifyNode:node_modules/@firebase/polyfill/node_modules/core-js Completed in 81029ms
452 timing reifyNode:node_modules/firebase Completed in 113841ms
453 timing reifyNode:node_modules/@firebase/firestore Completed in 122799ms
454 timing reifyNode:node_modules/@firebase/auth Completed in 132925ms
455 timing reify:unpack Completed in 132946ms
456 timing reify:unretire Completed in 0ms
457 timing build:queue Completed in 24ms
458 timing build:link:node_modules/protobufjs Completed in 62ms
459 timing build:link:node_modules/@grpc/proto-loader Completed in 64ms
460 timing build:link Completed in 64ms
461 info run protobufjs@6.11.2 postinstall node_modules/protobufjs node scripts/postinstall
462 info run core-js@3.6.5 postinstall node_modules/@firebase/polyfill/node_modules/core-js node -e "try{require('./postinstall')}catch(e){}"
463 info run protobufjs@6.11.2 postinstall { code: 0, signal: null }
464 timing build:run:postinstall:node_modules/protobufjs Completed in 1242ms
465 info run core-js@3.6.5 postinstall { code: 0, signal: null }
466 timing build:run:postinstall:node_modules/@firebase/polyfill/node_modules/core-js Completed in 1392ms
467 timing build:run:postinstall Completed in 1593ms
468 timing build:deps Completed in 1682ms
469 timing build Completed in 1683ms
470 timing reify:build Completed in 1685ms
471 timing reify:trash Completed in 20ms
472 timing reify:save Completed in 819ms
473 timing reify Completed in 174196ms
474 silly ADD node_modules/immediate
475 silly ADD node_modules/set-immediate-shim
476 silly ADD node_modules/pako
477 silly ADD node_modules/lie
478 silly ADD node_modules/jszip
479 silly ADD node_modules/jszip/node_modules/string_decoder
480 silly ADD node_modules/jszip/node_modules/readable-stream
481 silly ADD node_modules/@protobufjs/utf8
482 silly ADD node_modules/@protobufjs/pool
483 silly ADD node_modules/@protobufjs/path
484 silly ADD node_modules/@protobufjs/inquire
485 silly ADD node_modules/@protobufjs/float
486 silly ADD node_modules/@protobufjs/fetch
487 silly ADD node_modules/@protobufjs/eventemitter
488 silly ADD node_modules/@protobufjs/codegen
489 silly ADD node_modules/@protobufjs/base64
490 silly ADD node_modules/@protobufjs/aspromise
491 silly ADD node_modules/protobufjs
492 silly ADD node_modules/long
493 silly ADD node_modules/lodash.camelcase
494 silly ADD node_modules/@types/long
495 silly ADD node_modules/@firebase/storage-types
496 silly ADD node_modules/@firebase/remote-config-types
497 silly ADD node_modules/promise-polyfill
498 silly ADD node_modules/@firebase/performance-types
499 silly ADD node_modules/@firebase/functions-types
500 silly ADD node_modules/@firebase/messaging-interop-types
501 silly ADD node_modules/@firebase/app-check-interop-types
502 silly ADD node_modules/@firebase/firestore-types
503 silly ADD node_modules/@grpc/proto-loader
504 silly ADD node_modules/@grpc/grpc-js
505 silly ADD node_modules/@firebase/webchannel-wrapper
506 silly ADD node_modules/@firebase/database-types
507 silly ADD node_modules/@firebase/auth-interop-types
508 silly ADD node_modules/@firebase/auth-types
509 silly ADD node_modules/selenium-webdriver
510 silly ADD node_modules/node-fetch
511 silly ADD node_modules/node-fetch/node_modules/webidl-conversions
512 silly ADD node_modules/node-fetch/node_modules/tr46
513 silly ADD node_modules/node-fetch/node_modules/whatwg-url
514 silly ADD node_modules/@firebase/analytics-types
515 silly ADD node_modules/@firebase/logger
516 silly ADD node_modules/@firebase/component
517 silly ADD node_modules/@firebase/util
518 silly ADD node_modules/@firebase/storage-compat
519 silly ADD node_modules/@firebase/storage
520 silly ADD node_modules/@firebase/remote-config-compat
521 silly ADD node_modules/@firebase/remote-config
522 silly ADD node_modules/@firebase/polyfill
523 silly ADD node_modules/@firebase/polyfill/node_modules/whatwg-fetch
524 silly ADD node_modules/@firebase/polyfill/node_modules/core-js
525 silly ADD node_modules/@firebase/performance-compat
526 silly ADD node_modules/@firebase/performance
527 silly ADD node_modules/@firebase/messaging-compat
528 silly ADD node_modules/@firebase/messaging
529 silly ADD node_modules/@firebase/messaging/node_modules/idb
530 silly ADD node_modules/@firebase/installations
531 silly ADD node_modules/@firebase/installations/node_modules/idb
532 silly ADD node_modules/@firebase/functions-compat
533 silly ADD node_modules/@firebase/functions
534 silly ADD node_modules/@firebase/firestore
535 silly ADD node_modules/@firebase/database-compat
536 silly ADD node_modules/@firebase/database
537 silly ADD node_modules/@firebase/auth-compat
538 silly ADD node_modules/@firebase/auth
539 silly ADD node_modules/@firebase/app-types
540 silly ADD node_modules/@firebase/app-check-compat
541 silly ADD node_modules/@firebase/app-check
542 silly ADD node_modules/@firebase/app-compat
543 silly ADD node_modules/@firebase/analytics-compat
544 silly ADD node_modules/@firebase/app
545 silly ADD node_modules/@firebase/analytics
546 silly ADD node_modules/firebase
547 silly ADD
548 silly CHANGE node_modules/@firebase/firestore-compat
549 timing command:i Completed in 174310ms
550 verbose exit 0
551 timing npm Completed in 179650ms
552 info ok
